\BOOKMARK [0][-]{chapter*.2}{\376\377\000S\000t\000r\000e\000s\000z\000c\000z\000e\000n\000i\000e}{}% 1
\BOOKMARK [0][-]{chapter.1}{\376\377\000W\000s\000t\001\031\000p}{}% 2
\BOOKMARK [0][-]{chapter.2}{\376\377\000A\000n\000a\000l\000i\000z\000a\000\040\000t\000e\000m\000a\000t\000u}{}% 3
\BOOKMARK [0][-]{chapter.3}{\376\377\000W\000y\000m\000a\000g\000a\000n\000i\000a\000\040\000i\000\040\000n\000a\000r\000z\001\031\000d\000z\000i\000a}{}% 4
\BOOKMARK [1][-]{section.3.1}{\376\377\000W\000y\000m\000a\000g\000a\000n\000i\000a\000\040\000f\000u\000n\000k\000c\000j\000o\000n\000a\000l\000n\000e}{chapter.3}% 5
\BOOKMARK [1][-]{section.3.2}{\376\377\000W\000y\000m\000a\000g\000a\000n\000i\000a\000\040\000n\000i\000e\000f\000u\000n\000k\000c\000j\000o\000n\000a\000l\000n\000e}{chapter.3}% 6
\BOOKMARK [1][-]{section.3.3}{\376\377\000D\000i\000a\000g\000r\000a\000m\000\040\000p\000r\000z\000y\000p\000a\000d\000k\000\363\000w\000\040\000u\001\174\000y\000c\000i\000a\000\040\000\050\000U\000M\000L\000\051}{chapter.3}% 7
\BOOKMARK [1][-]{section.3.4}{\376\377\000N\000a\000r\000z\001\031\000d\000z\000i\000a}{chapter.3}% 8
\BOOKMARK [1][-]{section.3.5}{\376\377\000M\000e\000t\000o\000d\000y\000k\000a\000\040\000p\000r\000a\000c\000y\000\040\000n\000a\000d\000\040\000p\000r\000o\000j\000e\000k\000t\000o\000w\000a\000n\000i\000e\000m\000\040\000i\000\040\000i\000m\000p\000l\000e\000m\000e\000n\000t\000a\000c\000j\001\005}{chapter.3}% 9
\BOOKMARK [0][-]{chapter.4}{\376\377\000S\000p\000e\000c\000y\000f\000i\000k\000a\000c\000j\000a\000\040\000z\000e\000w\000n\001\031\000t\000r\000z\000n\000a}{}% 10
\BOOKMARK [1][-]{section.4.1}{\376\377\000W\000y\000m\000a\000g\000a\000n\000i\000a\000\040\000s\000p\000r\000z\001\031\000t\000o\000w\000e}{chapter.4}% 11
\BOOKMARK [1][-]{section.4.2}{\376\377\000I\000n\000s\000t\000a\000l\000a\000c\000j\000a}{chapter.4}% 12
\BOOKMARK [2][-]{subsection.4.2.1}{\376\377\000I\000n\000s\000t\000a\000l\000a\000c\000j\000a\000\040\000b\000a\000z\000y\000\040\000d\000a\000n\000y\000c\000h\000\040\000M\000o\000n\000g\000o\000D\000B}{section.4.2}% 13
\BOOKMARK [2][-]{subsection.4.2.2}{\376\377\000I\000n\000s\000t\000a\000l\000a\000c\000j\000a\000\040\001\133\000r\000o\000d\000o\000w\000i\000s\000k\000a\000\040\000.\000N\000E\000T\000\040\0005}{section.4.2}% 14
\BOOKMARK [2][-]{subsection.4.2.3}{\376\377\000I\000n\000s\000t\000a\000l\000a\000c\000j\000a\000\040\001\133\000r\000o\000d\000o\000w\000i\000s\000k\000a\000\040\000N\000o\000d\000e\000.\000j\000s}{section.4.2}% 15
\BOOKMARK [1][-]{section.4.3}{\376\377\000I\000n\000s\000t\000a\000l\000a\000c\000j\000a\000\040\000h\000t\000t\000p\000-\000s\000e\000r\000v\000e\000r}{chapter.4}% 16
\BOOKMARK [1][-]{section.4.4}{\376\377\000S\000p\000o\000s\000\363\000b\000\040\000a\000k\000t\000y\000w\000a\000c\000j\000i}{chapter.4}% 17
\BOOKMARK [2][-]{subsection.4.4.1}{\376\377\000U\000r\000u\000c\000h\000o\000m\000i\000e\000n\000i\000e\000\040\000w\000a\000r\000s\000t\000w\000y\000\040\000s\000e\000r\000w\000e\000r\000o\000w\000e\000j}{section.4.4}% 18
\BOOKMARK [2][-]{subsection.4.4.2}{\376\377\000U\000r\000u\000c\000h\000o\000m\000i\000e\000n\000i\000e\000\040\000w\000a\000r\000s\000t\000w\000y\000\040\000p\000r\000e\000z\000e\000n\000t\000a\000c\000j\000i}{section.4.4}% 19
\BOOKMARK [1][-]{section.4.5}{\376\377\000K\000a\000t\000e\000g\000o\000r\000i\000e\000\040\000u\001\174\000y\000t\000k\000o\000w\000n\000i\000k\000\363\000w}{chapter.4}% 20
\BOOKMARK [1][-]{section.4.6}{\376\377\000K\000w\000e\000s\000t\000i\000e\000\040\000b\000e\000z\000p\000i\000e\000c\000z\000e\001\104\000s\000t\000w\000a}{chapter.4}% 21
\BOOKMARK [1][-]{section.4.7}{\376\377\000P\000r\000z\000y\000k\001\102\000a\000d\000\040\000d\000z\000i\000a\001\102\000a\000n\000i\000a}{chapter.4}% 22
\BOOKMARK [1][-]{section.4.8}{\376\377\000S\000c\000e\000n\000a\000r\000i\000u\000s\000z\000e\000\040\000k\000o\000r\000z\000y\000s\000t\000a\000n\000i\000a\000\040\000z\000\040\000s\000y\000s\000t\000e\000m\000u}{chapter.4}% 23
\BOOKMARK [0][-]{chapter.5}{\376\377\000S\000p\000e\000c\000y\000f\000i\000k\000a\000c\000j\000a\000\040\000w\000e\000w\000n\001\031\000t\000r\000z\000n\000a}{}% 24
\BOOKMARK [0][-]{chapter.6}{\376\377\000W\000e\000r\000y\000f\000i\000k\000a\000c\000j\000a\000\040\000i\000\040\000w\000a\000l\000i\000d\000a\000c\000j\000a}{}% 25
\BOOKMARK [0][-]{chapter.7}{\376\377\000P\000o\000d\000s\000u\000m\000o\000w\000a\000n\000i\000e\000\040\000i\000\040\000w\000n\000i\000o\000s\000k\000i}{}% 26
\BOOKMARK [0][-]{chapter*.3}{\376\377\000B\000i\000b\000l\000i\000o\000g\000r\000a\000f\000i\000a}{}% 27
\BOOKMARK [0][-]{appendix*.4}{\376\377\000S\000p\000i\000s\000\040\000s\000k\000r\000\363\000t\000\363\000w\000\040\000i\000\040\000s\000y\000m\000b\000o\000l\000i}{}% 28
\BOOKMARK [0][-]{appendix*.5}{\376\377\001\171\000r\000\363\000d\001\102\000a}{}% 29
\BOOKMARK [0][-]{appendix*.6}{\376\377\000Z\000a\000w\000a\000r\000t\000o\001\133\001\007\000\040\000d\000o\001\102\001\005\000c\000z\000o\000n\000e\000j\000\040\000p\001\102\000y\000t\000y}{}% 30
