This is pdfTeX, Version 3.141592653-2.6-1.40.23 (MiKTeX 21.8) (preloaded format=pdflatex 2021.11.16)  8 JAN 2022 15:52
entering extended mode
**./praca.tex
(praca.tex
LaTeX2e <2021-06-01> patch level 1
L3 programming layer <2021-08-27>
(C:\Program Files\MiKTeX\tex/latex/base\book.cls
Document Class: book 2021/02/12 v1.4n Standard LaTeX document class
(C:\Program Files\MiKTeX\tex/latex/base\bk12.clo
File: bk12.clo 2021/02/12 v1.4n Standard LaTeX file (size option)
)
\c@part=\count182
\c@chapter=\count183
\c@section=\count184
\c@subsection=\count185
\c@subsubsection=\count186
\c@paragraph=\count187
\c@subparagraph=\count188
\c@figure=\count189
\c@table=\count190
\abovecaptionskip=\skip47
\belowcaptionskip=\skip48
\bibindent=\dimen138
)
(C:\Program Files\MiKTeX\tex/latex/base\inputenc.sty
Package: inputenc 2021/02/14 v1.3d Input encoding file
\inpenc@prehook=\toks16
\inpenc@posthook=\toks17
)
(C:\Program Files\MiKTeX\tex/latex/base\fontenc.sty
Package: fontenc 2021/04/29 v2.0v Standard LaTeX package
)
(C:\Program Files\MiKTeX\tex/latex/amsmath\amsmath.sty
Package: amsmath 2021/04/20 v2.17j AMS math features
\@mathmargin=\skip49

For additional information on amsmath, use the `?' option.
(C:\Program Files\MiKTeX\tex/latex/amsmath\amstext.sty
Package: amstext 2000/06/29 v2.01 AMS text

(C:\Program Files\MiKTeX\tex/latex/amsmath\amsgen.sty
File: amsgen.sty 1999/11/30 v2.0 generic functions
\@emptytoks=\toks18
\ex@=\dimen139
))
(C:\Program Files\MiKTeX\tex/latex/amsmath\amsbsy.sty
Package: amsbsy 1999/11/29 v1.2d Bold Symbols
\pmbraise@=\dimen140
)
(C:\Program Files\MiKTeX\tex/latex/amsmath\amsopn.sty
Package: amsopn 2016/03/08 v2.02 operator names
)
\inf@bad=\count191
LaTeX Info: Redefining \frac on input line 234.
\uproot@=\count192
\leftroot@=\count193
LaTeX Info: Redefining \overline on input line 399.
\classnum@=\count194
\DOTSCASE@=\count195
LaTeX Info: Redefining \ldots on input line 496.
LaTeX Info: Redefining \dots on input line 499.
LaTeX Info: Redefining \cdots on input line 620.
\Mathstrutbox@=\box50
\strutbox@=\box51
\big@size=\dimen141
LaTeX Font Info:    Redeclaring font encoding OML on input line 743.
LaTeX Font Info:    Redeclaring font encoding OMS on input line 744.
\macc@depth=\count196
\c@MaxMatrixCols=\count197
\dotsspace@=\muskip16
\c@parentequation=\count198
\dspbrk@lvl=\count199
\tag@help=\toks19
\row@=\count266
\column@=\count267
\maxfields@=\count268
\andhelp@=\toks20
\eqnshift@=\dimen142
\alignsep@=\dimen143
\tagshift@=\dimen144
\tagwidth@=\dimen145
\totwidth@=\dimen146
\lineht@=\dimen147
\@envbody=\toks21
\multlinegap=\skip50
\multlinetaggap=\skip51
\mathdisplay@stack=\toks22
LaTeX Info: Redefining \[ on input line 2923.
LaTeX Info: Redefining \] on input line 2924.
)
(C:\Program Files\MiKTeX\tex/latex/amsfonts\amsfonts.sty
Package: amsfonts 2013/01/14 v3.01 Basic AMSFonts support
\symAMSa=\mathgroup4
\symAMSb=\mathgroup5
LaTeX Font Info:    Redeclaring math symbol \hbar on input line 98.
LaTeX Font Info:    Overwriting math alphabet `\mathfrak' in version `bold'
(Font)                  U/euf/m/n --> U/euf/b/n on input line 106.
)
(C:\Program Files\MiKTeX\tex/latex/amsfonts\amssymb.sty
Package: amssymb 2013/01/14 v3.01 AMS font symbols
)
(C:\Users\sewer\AppData\Roaming\MiKTeX\tex/latex/amscls\amsthm.sty
Package: amsthm 2020/05/29 v2.20.6
\thm@style=\toks23
\thm@bodyfont=\toks24
\thm@headfont=\toks25
\thm@notefont=\toks26
\thm@headpunct=\toks27
\thm@preskip=\skip52
\thm@postskip=\skip53
\thm@headsep=\skip54
\dth@everypar=\toks28
)
(C:\Program Files\MiKTeX\tex/generic/babel\babel.sty
Package: babel 2021/07/22 3.63 The Babel package

(C:\Program Files\MiKTeX\tex/generic/babel\babel.def
File: babel.def 2021/07/22 3.63 Babel common definitions
\babel@savecnt=\count269
\U@D=\dimen148
\l@unhyphenated=\language79

(C:\Program Files\MiKTeX\tex/generic/babel\txtbabel.def)
\bbl@readstream=\read2
)
\bbl@dirlevel=\count270

*************************************
* Local config file bblopts.cfg used
*
(C:\Program Files\MiKTeX\tex/latex/arabi\bblopts.cfg
File: bblopts.cfg 2005/09/08 v0.1 add Arabic and Farsi to "declared" options of
 babel
)
(C:\Program Files\MiKTeX\tex/latex/babel-english\british.ldf
Language: british 2017/06/06 v3.3r English support from the babel system

(C:\Program Files\MiKTeX\tex/latex/babel-english\english.ldf
Language: english 2017/06/06 v3.3r English support from the babel system
Package babel Info: Hyphen rules for 'canadian' set to \l@english
(babel)             (\language0). Reported on input line 102.
Package babel Info: Hyphen rules for 'australian' set to \l@ukenglish
(babel)             (\language73). Reported on input line 105.
Package babel Info: Hyphen rules for 'newzealand' set to \l@ukenglish
(babel)             (\language73). Reported on input line 108.
))
(C:\Users\sewer\AppData\Roaming\MiKTeX\tex/latex/babel-polish\polish.ldf
Language: polish 2005/03/31 v1.2l Polish support from the babel system
Package babel Info: Making " an active character on input line 83.
\pl@left=\dimen149
\pl@down=\dimen150
\pl@right=\dimen151
\pl@temp=\dimen152
))
(C:\Program Files\MiKTeX\tex/latex/tools\indentfirst.sty
Package: indentfirst 1995/11/23 v1.03 Indent first paragraph (DPC)
)
(C:\Program Files\MiKTeX\tex/latex/lm\lmodern.sty
Package: lmodern 2009/10/30 v1.6 Latin Modern Fonts
LaTeX Font Info:    Overwriting symbol font `operators' in version `normal'
(Font)                  OT1/cmr/m/n --> OT1/lmr/m/n on input line 22.
LaTeX Font Info:    Overwriting symbol font `letters' in version `normal'
(Font)                  OML/cmm/m/it --> OML/lmm/m/it on input line 23.
LaTeX Font Info:    Overwriting symbol font `symbols' in version `normal'
(Font)                  OMS/cmsy/m/n --> OMS/lmsy/m/n on input line 24.
LaTeX Font Info:    Overwriting symbol font `largesymbols' in version `normal'
(Font)                  OMX/cmex/m/n --> OMX/lmex/m/n on input line 25.
LaTeX Font Info:    Overwriting symbol font `operators' in version `bold'
(Font)                  OT1/cmr/bx/n --> OT1/lmr/bx/n on input line 26.
LaTeX Font Info:    Overwriting symbol font `letters' in version `bold'
(Font)                  OML/cmm/b/it --> OML/lmm/b/it on input line 27.
LaTeX Font Info:    Overwriting symbol font `symbols' in version `bold'
(Font)                  OMS/cmsy/b/n --> OMS/lmsy/b/n on input line 28.
LaTeX Font Info:    Overwriting symbol font `largesymbols' in version `bold'
(Font)                  OMX/cmex/m/n --> OMX/lmex/m/n on input line 29.
LaTeX Font Info:    Overwriting math alphabet `\mathbf' in version `normal'
(Font)                  OT1/cmr/bx/n --> OT1/lmr/bx/n on input line 31.
LaTeX Font Info:    Overwriting math alphabet `\mathsf' in version `normal'
(Font)                  OT1/cmss/m/n --> OT1/lmss/m/n on input line 32.
LaTeX Font Info:    Overwriting math alphabet `\mathit' in version `normal'
(Font)                  OT1/cmr/m/it --> OT1/lmr/m/it on input line 33.
LaTeX Font Info:    Overwriting math alphabet `\mathtt' in version `normal'
(Font)                  OT1/cmtt/m/n --> OT1/lmtt/m/n on input line 34.
LaTeX Font Info:    Overwriting math alphabet `\mathbf' in version `bold'
(Font)                  OT1/cmr/bx/n --> OT1/lmr/bx/n on input line 35.
LaTeX Font Info:    Overwriting math alphabet `\mathsf' in version `bold'
(Font)                  OT1/cmss/bx/n --> OT1/lmss/bx/n on input line 36.
LaTeX Font Info:    Overwriting math alphabet `\mathit' in version `bold'
(Font)                  OT1/cmr/bx/it --> OT1/lmr/bx/it on input line 37.
LaTeX Font Info:    Overwriting math alphabet `\mathtt' in version `bold'
(Font)                  OT1/cmtt/m/n --> OT1/lmtt/m/n on input line 38.
)
(C:\Program Files\MiKTeX\tex/latex/graphics\graphicx.sty
Package: graphicx 2020/12/05 v1.2c Enhanced LaTeX Graphics (DPC,SPQR)

(C:\Program Files\MiKTeX\tex/latex/graphics\keyval.sty
Package: keyval 2014/10/28 v1.15 key=value parser (DPC)
\KV@toks@=\toks29
)
(C:\Program Files\MiKTeX\tex/latex/graphics\graphics.sty
Package: graphics 2021/03/04 v1.4d Standard LaTeX Graphics (DPC,SPQR)

(C:\Program Files\MiKTeX\tex/latex/graphics\trig.sty
Package: trig 2016/01/03 v1.10 sin cos tan (DPC)
)
(C:\Program Files\MiKTeX\tex/latex/graphics-cfg\graphics.cfg
File: graphics.cfg 2016/06/04 v1.11 sample graphics configuration
)
Package graphics Info: Driver file: pdftex.def on input line 107.

(C:\Program Files\MiKTeX\tex/latex/graphics-def\pdftex.def
File: pdftex.def 2020/10/05 v1.2a Graphics/color driver for pdftex
))
\Gin@req@height=\dimen153
\Gin@req@width=\dimen154
)
(C:\Program Files\MiKTeX\tex/latex/hyperref\hyperref.sty
Package: hyperref 2021-06-07 v7.00m Hypertext links for LaTeX

(C:\Users\sewer\AppData\Roaming\MiKTeX\tex/generic/ltxcmds\ltxcmds.sty
Package: ltxcmds 2020-05-10 v1.25 LaTeX kernel commands for general use (HO)
)
(C:\Program Files\MiKTeX\tex/generic/iftex\iftex.sty
Package: iftex 2020/03/06 v1.0d TeX engine tests
)
(C:\Program Files\MiKTeX\tex/generic/pdftexcmds\pdftexcmds.sty
Package: pdftexcmds 2020-06-27 v0.33 Utility functions of pdfTeX for LuaTeX (HO
)

(C:\Users\sewer\AppData\Roaming\MiKTeX\tex/generic/infwarerr\infwarerr.sty
Package: infwarerr 2019/12/03 v1.5 Providing info/warning/error messages (HO)
)
Package pdftexcmds Info: \pdf@primitive is available.
Package pdftexcmds Info: \pdf@ifprimitive is available.
Package pdftexcmds Info: \pdfdraftmode found.
)
(C:\Users\sewer\AppData\Roaming\MiKTeX\tex/generic/kvsetkeys\kvsetkeys.sty
Package: kvsetkeys 2019/12/15 v1.18 Key value parser (HO)
)
(C:\Users\sewer\AppData\Roaming\MiKTeX\tex/generic/kvdefinekeys\kvdefinekeys.st
y
Package: kvdefinekeys 2019-12-19 v1.6 Define keys (HO)
) (C:\Users\sewer\AppData\Roaming\MiKTeX\tex/generic/pdfescape\pdfescape.sty
Package: pdfescape 2019/12/09 v1.15 Implements pdfTeX's escape features (HO)
)
(C:\Users\sewer\AppData\Roaming\MiKTeX\tex/latex/hycolor\hycolor.sty
Package: hycolor 2020-01-27 v1.10 Color options for hyperref/bookmark (HO)
)
(C:\Users\sewer\AppData\Roaming\MiKTeX\tex/latex/letltxmacro\letltxmacro.sty
Package: letltxmacro 2019/12/03 v1.6 Let assignment for LaTeX macros (HO)
)
(C:\Users\sewer\AppData\Roaming\MiKTeX\tex/latex/auxhook\auxhook.sty
Package: auxhook 2019-12-17 v1.6 Hooks for auxiliary files (HO)
)
(C:\Users\sewer\AppData\Roaming\MiKTeX\tex/latex/kvoptions\kvoptions.sty
Package: kvoptions 2020-10-07 v3.14 Key value format for package options (HO)
)
\@linkdim=\dimen155
\Hy@linkcounter=\count271
\Hy@pagecounter=\count272

(C:\Program Files\MiKTeX\tex/latex/hyperref\pd1enc.def
File: pd1enc.def 2021-06-07 v7.00m Hyperref: PDFDocEncoding definition (HO)
Now handling font encoding PD1 ...
... no UTF-8 mapping file for font encoding PD1
)
(C:\Program Files\MiKTeX\tex/latex/hyperref\hyperref-langpatches.def
File: hyperref-langpatches.def 2021-06-07 v7.00m Hyperref: patches for babel la
nguages
)
(C:\Users\sewer\AppData\Roaming\MiKTeX\tex/generic/intcalc\intcalc.sty
Package: intcalc 2019/12/15 v1.3 Expandable calculations with integers (HO)
)
(C:\Users\sewer\AppData\Roaming\MiKTeX\tex/generic/etexcmds\etexcmds.sty
Package: etexcmds 2019/12/15 v1.7 Avoid name clashes with e-TeX commands (HO)
)
\Hy@SavedSpaceFactor=\count273

(C:\Program Files\MiKTeX\tex/latex/hyperref\puenc.def
File: puenc.def 2021-06-07 v7.00m Hyperref: PDF Unicode definition (HO)
Now handling font encoding PU ...
... no UTF-8 mapping file for font encoding PU
)
Package hyperref Info: Hyper figures OFF on input line 4192.
Package hyperref Info: Link nesting OFF on input line 4197.
Package hyperref Info: Hyper index ON on input line 4200.
Package hyperref Info: Plain pages OFF on input line 4207.
Package hyperref Info: Backreferencing OFF on input line 4212.
Package hyperref Info: Implicit mode ON; LaTeX internals redefined.
Package hyperref Info: Bookmarks ON on input line 4445.
\c@Hy@tempcnt=\count274

(C:\Program Files\MiKTeX\tex/latex/url\url.sty
\Urlmuskip=\muskip17
Package: url 2013/09/16  ver 3.4  Verb mode for urls, etc.
)
LaTeX Info: Redefining \url on input line 4804.
\XeTeXLinkMargin=\dimen156

(C:\Users\sewer\AppData\Roaming\MiKTeX\tex/generic/bitset\bitset.sty
Package: bitset 2019/12/09 v1.3 Handle bit-vector datatype (HO)

(C:\Users\sewer\AppData\Roaming\MiKTeX\tex/generic/bigintcalc\bigintcalc.sty
Package: bigintcalc 2019/12/15 v1.5 Expandable calculations on big integers (HO
)
))
\Fld@menulength=\count275
\Field@Width=\dimen157
\Fld@charsize=\dimen158
Package hyperref Info: Hyper figures OFF on input line 6076.
Package hyperref Info: Link nesting OFF on input line 6081.
Package hyperref Info: Hyper index ON on input line 6084.
Package hyperref Info: backreferencing OFF on input line 6091.
Package hyperref Info: Link coloring OFF on input line 6096.
Package hyperref Info: Link coloring with OCG OFF on input line 6101.
Package hyperref Info: PDF/A mode OFF on input line 6106.
LaTeX Info: Redefining \ref on input line 6146.
LaTeX Info: Redefining \pageref on input line 6150.

(C:\Program Files\MiKTeX\tex/latex/base\atbegshi-ltx.sty
Package: atbegshi-ltx 2021/01/10 v1.0c Emulation of the original atbegshi
package with kernel methods
)
\Hy@abspage=\count276
\c@Item=\count277
\c@Hfootnote=\count278
)
Package hyperref Info: Driver (autodetected): hpdftex.

(C:\Program Files\MiKTeX\tex/latex/hyperref\hpdftex.def
File: hpdftex.def 2021-06-07 v7.00m Hyperref driver for pdfTeX

(C:\Program Files\MiKTeX\tex/latex/base\atveryend-ltx.sty
Package: atveryend-ltx 2020/08/19 v1.0a Emulation of the original atvery packag
e
with kernel methods
)
\Fld@listcount=\count279
\c@bookmark@seq@number=\count280

(C:\Users\sewer\AppData\Roaming\MiKTeX\tex/latex/rerunfilecheck\rerunfilecheck.
sty
Package: rerunfilecheck 2019/12/05 v1.9 Rerun checks for auxiliary files (HO)

(C:\Users\sewer\AppData\Roaming\MiKTeX\tex/generic/uniquecounter\uniquecounter.
sty
Package: uniquecounter 2019/12/15 v1.4 Provide unlimited unique counter (HO)
)
Package uniquecounter Info: New unique counter `rerunfilecheck' on input line 2
86.
)
\Hy@SectionHShift=\skip55
) (C:\Users\sewer\AppData\Roaming\MiKTeX\tex/latex/booktabs\booktabs.sty
Package: booktabs 2020/01/12 v1.61803398 Publication quality tables
\heavyrulewidth=\dimen159
\lightrulewidth=\dimen160
\cmidrulewidth=\dimen161
\belowrulesep=\dimen162
\belowbottomsep=\dimen163
\aboverulesep=\dimen164
\abovetopsep=\dimen165
\cmidrulesep=\dimen166
\cmidrulekern=\dimen167
\defaultaddspace=\dimen168
\@cmidla=\count281
\@cmidlb=\count282
\@aboverulesep=\dimen169
\@belowrulesep=\dimen170
\@thisruleclass=\count283
\@lastruleclass=\count284
\@thisrulewidth=\dimen171
)
(C:\Users\sewer\AppData\Roaming\MiKTeX\tex/latex/mathtools\mathtools.sty
Package: mathtools 2021/04/12 v1.27 mathematical typesetting tools

(C:\Program Files\MiKTeX\tex/latex/tools\calc.sty
Package: calc 2017/05/25 v4.3 Infix arithmetic (KKT,FJ)
\calc@Acount=\count285
\calc@Bcount=\count286
\calc@Adimen=\dimen172
\calc@Bdimen=\dimen173
\calc@Askip=\skip56
\calc@Bskip=\skip57
LaTeX Info: Redefining \setlength on input line 80.
LaTeX Info: Redefining \addtolength on input line 81.
\calc@Ccount=\count287
\calc@Cskip=\skip58
)
(C:\Users\sewer\AppData\Roaming\MiKTeX\tex/latex/mathtools\mhsetup.sty
Package: mhsetup 2021/03/18 v1.4 programming setup (MH)
)
LaTeX Info: Thecontrolsequence`\('isalreadyrobust on input line 130.
LaTeX Info: Thecontrolsequence`\)'isalreadyrobust on input line 130.
LaTeX Info: Thecontrolsequence`\['isalreadyrobust on input line 130.
LaTeX Info: Thecontrolsequence`\]'isalreadyrobust on input line 130.
\g_MT_multlinerow_int=\count288
\l_MT_multwidth_dim=\dimen174
\origjot=\skip59
\l_MT_shortvdotswithinadjustabove_dim=\dimen175
\l_MT_shortvdotswithinadjustbelow_dim=\dimen176
\l_MT_above_intertext_sep=\dimen177
\l_MT_below_intertext_sep=\dimen178
\l_MT_above_shortintertext_sep=\dimen179
\l_MT_below_shortintertext_sep=\dimen180
\xmathstrut@box=\box52
\xmathstrut@dim=\dimen181
)
(C:\Users\sewer\AppData\Roaming\MiKTeX\tex/latex/geometry\geometry.sty
Package: geometry 2020/01/02 v5.9 Page Geometry

(C:\Program Files\MiKTeX\tex/generic/iftex\ifvtex.sty
Package: ifvtex 2019/10/25 v1.7 ifvtex legacy package. Use iftex instead.
)
\Gm@cnth=\count289
\Gm@cntv=\count290
\c@Gm@tempcnt=\count291
\Gm@bindingoffset=\dimen182
\Gm@wd@mp=\dimen183
\Gm@odd@mp=\dimen184
\Gm@even@mp=\dimen185
\Gm@layoutwidth=\dimen186
\Gm@layoutheight=\dimen187
\Gm@layouthoffset=\dimen188
\Gm@layoutvoffset=\dimen189
\Gm@dimlist=\toks30

(C:\Users\sewer\AppData\Roaming\MiKTeX\tex/latex/geometry\geometry.cfg))
(C:\Users\sewer\AppData\Roaming\MiKTeX\tex/latex/float\float.sty
Package: float 2001/11/08 v1.3d Float enhancements (AL)
\c@float@type=\count292
\float@exts=\toks31
\float@box=\box53
\@float@everytoks=\toks32
\@floatcapt=\box54
)
(C:\Program Files\MiKTeX\tex/latex/tools\afterpage.sty
Package: afterpage 2014/10/28 v1.08 After-Page Package (DPC)
\AP@output=\toks33
\AP@partial=\box55
\AP@footins=\box56
)
(C:\Users\sewer\AppData\Roaming\MiKTeX\tex/latex/placeins\placeins.sty
Package: placeins 2005/04/18  v 2.2
)
(C:\Users\sewer\AppData\Roaming\MiKTeX\tex/latex/appendix\appendix.sty
Package: appendix 2020/02/08 v1.2c extra appendix facilities
\c@@pps=\count293
\c@@ppsavesec=\count294
\c@@ppsaveapp=\count295
)
(C:\Users\sewer\AppData\Roaming\MiKTeX\tex/latex/setspace\setspace.sty
Package: setspace 2011/12/19 v6.7a set line spacing
)
(C:\Users\sewer\AppData\Roaming\MiKTeX\tex/latex/caption\caption.sty
Package: caption 2020/10/26 v3.5g Customizing captions (AR)

(C:\Users\sewer\AppData\Roaming\MiKTeX\tex/latex/caption\caption3.sty
Package: caption3 2020/10/21 v2.2e caption3 kernel (AR)
\captionmargin=\dimen190
\captionmargin@=\dimen191
\captionwidth=\dimen192
\caption@tempdima=\dimen193
\caption@indent=\dimen194
\caption@parindent=\dimen195
\caption@hangindent=\dimen196
Package caption Info: Standard document class detected.
)
\c@caption@flags=\count296
\c@continuedfloat=\count297
Package caption Info: float package is loaded.
Package caption Info: hyperref package is loaded.
)
(C:\Program Files\MiKTeX\tex/latex/listings\listings.sty
\lst@mode=\count298
\lst@gtempboxa=\box57
\lst@token=\toks34
\lst@length=\count299
\lst@currlwidth=\dimen197
\lst@column=\count300
\lst@pos=\count301
\lst@lostspace=\dimen198
\lst@width=\dimen199
\lst@newlines=\count302
\lst@lineno=\count303
\lst@maxwidth=\dimen256

(C:\Program Files\MiKTeX\tex/latex/listings\lstmisc.sty
File: lstmisc.sty 2020/03/24 1.8d (Carsten Heinz)
\c@lstnumber=\count304
\lst@skipnumbers=\count305
\lst@framebox=\box58
)
(C:\Program Files\MiKTeX\tex/latex/listings\listings.cfg
File: listings.cfg 2020/03/24 1.8d listings configuration
))
Package: listings 2020/03/24 1.8d (Carsten Heinz)

(C:\Program Files\MiKTeX\tex/latex/listings\lstlang1.sty
File: lstlang1.sty 2020/03/24 1.8d listings language file
)
(C:\Program Files\MiKTeX\tex/latex/graphics\color.sty
Package: color 2020/02/24 v1.2b Standard LaTeX Color (DPC)

(C:\Program Files\MiKTeX\tex/latex/graphics-cfg\color.cfg
File: color.cfg 2016/01/02 v1.6 sample color configuration
)
Package color Info: Driver file: pdftex.def on input line 149.
)
(C:\Users\sewer\AppData\Roaming\MiKTeX\tex/latex/fancyhdr\fancyhdr.sty
Package: fancyhdr 2021/01/28 v4.0.1 Extensive control of page headers and foote
rs
\f@nch@headwidth=\skip60
\f@nch@O@elh=\skip61
\f@nch@O@erh=\skip62
\f@nch@O@olh=\skip63
\f@nch@O@orh=\skip64
\f@nch@O@elf=\skip65
\f@nch@O@erf=\skip66
\f@nch@O@olf=\skip67
\f@nch@O@orf=\skip68
)
\c@stronyPozaNumeracja=\count306
LaTeX Font Info:    Trying to load font information for T1+lmr on input line 18
5.

(C:\Program Files\MiKTeX\tex/latex/lm\t1lmr.fd
File: t1lmr.fd 2009/10/30 v1.6 Font defs for Latin Modern
)
(C:\Program Files\MiKTeX\tex/latex/l3backend\l3backend-pdftex.def
File: l3backend-pdftex.def 2021-08-04 L3 backend support: PDF output (pdfTeX)
\l__color_backend_stack_int=\count307
\l__pdf_internal_box=\box59
) (praca.aux)
\openout1 = `praca.aux'.

LaTeX Font Info:    Checking defaults for OML/cmm/m/it on input line 185.
LaTeX Font Info:    ... okay on input line 185.
LaTeX Font Info:    Checking defaults for OMS/cmsy/m/n on input line 185.
LaTeX Font Info:    ... okay on input line 185.
LaTeX Font Info:    Checking defaults for OT1/cmr/m/n on input line 185.
LaTeX Font Info:    ... okay on input line 185.
LaTeX Font Info:    Checking defaults for T1/cmr/m/n on input line 185.
LaTeX Font Info:    ... okay on input line 185.
LaTeX Font Info:    Checking defaults for TS1/cmr/m/n on input line 185.
LaTeX Font Info:    ... okay on input line 185.
LaTeX Font Info:    Checking defaults for OMX/cmex/m/n on input line 185.
LaTeX Font Info:    ... okay on input line 185.
LaTeX Font Info:    Checking defaults for U/cmr/m/n on input line 185.
LaTeX Font Info:    ... okay on input line 185.
LaTeX Font Info:    Checking defaults for PD1/pdf/m/n on input line 185.
LaTeX Font Info:    ... okay on input line 185.
LaTeX Font Info:    Checking defaults for PU/pdf/m/n on input line 185.
LaTeX Font Info:    ... okay on input line 185.

(C:\Program Files\MiKTeX\tex/context/base/mkii\supp-pdf.mkii
[Loading MPS to PDF converter (version 2006.09.02).]
\scratchcounter=\count308
\scratchdimen=\dimen257
\scratchbox=\box60
\nofMPsegments=\count309
\nofMParguments=\count310
\everyMPshowfont=\toks35
\MPscratchCnt=\count311
\MPscratchDim=\dimen258
\MPnumerator=\count312
\makeMPintoPDFobject=\count313
\everyMPtoPDFconversion=\toks36
) (C:\Program Files\MiKTeX\tex/latex/epstopdf-pkg\epstopdf-base.sty
Package: epstopdf-base 2020-01-24 v2.11 Base part for package epstopdf
Package epstopdf-base Info: Redefining graphics rule for `.eps' on input line 4
85.

(C:\Program Files\MiKTeX\tex/latex/00miktex\epstopdf-sys.cfg
File: epstopdf-sys.cfg 2021/03/18 v2.0 Configuration of epstopdf for MiKTeX
))
Package hyperref Info: Link coloring OFF on input line 185.

(C:\Program Files\MiKTeX\tex/latex/hyperref\nameref.sty
Package: nameref 2021-04-02 v2.47 Cross-referencing by name of section

(C:\Users\sewer\AppData\Roaming\MiKTeX\tex/latex/refcount\refcount.sty
Package: refcount 2019/12/15 v3.6 Data extraction from label references (HO)
)
(C:\Users\sewer\AppData\Roaming\MiKTeX\tex/generic/gettitlestring\gettitlestrin
g.sty
Package: gettitlestring 2019/12/15 v1.6 Cleanup title references (HO)
)
\c@section@level=\count314
)
LaTeX Info: Redefining \ref on input line 185.
LaTeX Info: Redefining \pageref on input line 185.
LaTeX Info: Redefining \nameref on input line 185.
 (praca.out) (praca.out)
\@outlinefile=\write3
\openout3 = `praca.out'.


*geometry* driver: auto-detecting
*geometry* detected driver: pdftex
*geometry* verbose mode - [ preamble ] result:
* driver: pdftex
* paper: a4paper
* layout: <same size as paper>
* layoutoffset:(h,v)=(0.0pt,0.0pt)
* modes: twoside 
* h-part:(L,W,R)=(71.70166pt, 418.25368pt, 107.55254pt)
* v-part:(T,H,B)=(101.40665pt, 591.5302pt, 152.11pt)
* \paperwidth=597.50787pt
* \paperheight=845.04684pt
* \textwidth=418.25368pt
* \textheight=591.5302pt
* \oddsidemargin=-0.56833pt
* \evensidemargin=35.28255pt
* \topmargin=-2.73714pt
* \headheight=12.0pt
* \headsep=19.8738pt
* \topskip=12.0pt
* \footskip=30.0pt
* \marginparwidth=88.0pt
* \marginparsep=7.0pt
* \columnsep=10.0pt
* \skip\footins=10.8pt plus 4.0pt minus 2.0pt
* \hoffset=0.0pt
* \voffset=0.0pt
* \mag=1000
* \@twocolumnfalse
* \@twosidetrue
* \@mparswitchtrue
* \@reversemarginfalse
* (1in=72.27pt=25.4mm, 1cm=28.453pt)

Package caption Info: Begin \AtBeginDocument code.
Package caption Info: listings package is loaded.
Package caption Info: End \AtBeginDocument code.
\c@lstlisting=\count315
*geometry* verbose mode - [ newgeometry ] result:
* driver: pdftex
* paper: a4paper
* layout: <same size as paper>
* layoutoffset:(h,v)=(0.0pt,0.0pt)
* modes: twoside 
* h-part:(L,W,R)=(85.35826pt, 441.01773pt, 71.13188pt)
* v-part:(T,H,B)=(71.13188pt, 702.78308pt, 71.13188pt)
* \paperwidth=597.50787pt
* \paperheight=845.04684pt
* \textwidth=441.01773pt
* \textheight=702.78308pt
* \oddsidemargin=13.08827pt
* \evensidemargin=-1.1381pt
* \topmargin=-33.0119pt
* \headheight=12.0pt
* \headsep=19.8738pt
* \topskip=12.0pt
* \footskip=30.0pt
* \marginparwidth=88.0pt
* \marginparsep=7.0pt
* \columnsep=10.0pt
* \skip\footins=10.8pt plus 4.0pt minus 2.0pt
* \hoffset=0.0pt
* \voffset=0.0pt
* \mag=1000
* \@twocolumnfalse
* \@twosidetrue
* \@mparswitchtrue
* \@reversemarginfalse
* (1in=72.27pt=25.4mm, 1cm=28.453pt)

LaTeX Font Info:    Trying to load font information for T1+lmss on input line 1
95.
(C:\Program Files\MiKTeX\tex/latex/lm\t1lmss.fd
File: t1lmss.fd 2009/10/30 v1.6 Font defs for Latin Modern
)
<logo_pl.jpg, id=175, 746.79pt x 960.58875pt>
File: logo_pl.jpg Graphic file (type jpg)
<use logo_pl.jpg>
Package pdftex.def Info: logo_pl.jpg  used on input line 199.
(pdftex.def)             Requested size: 82.51299pt x 106.13412pt.
LaTeX Font Info:    Trying to load font information for T1+phv on input line 20
3.

(C:\Users\sewer\AppData\Roaming\MiKTeX\tex/latex/psnfss\t1phv.fd
File: t1phv.fd 2020/03/25 scalable font definitions for T1/phv.
) [1


{C:/Users/sewer/AppData/Local/MiKTeX/pdftex/config/pdftex.map} <./logo_pl.jpg>]
 [2


]
(praca.toc
LaTeX Font Info:    Trying to load font information for OT1+lmr on input line 8
.
 (C:\Program Files\MiKTeX\tex/latex/lm\ot1lmr.fd
File: ot1lmr.fd 2009/10/30 v1.6 Font defs for Latin Modern
)
LaTeX Font Info:    Trying to load font information for OML+lmm on input line 8
.

(C:\Program Files\MiKTeX\tex/latex/lm\omllmm.fd
File: omllmm.fd 2009/10/30 v1.6 Font defs for Latin Modern
)
LaTeX Font Info:    Trying to load font information for OMS+lmsy on input line 
8.

(C:\Program Files\MiKTeX\tex/latex/lm\omslmsy.fd
File: omslmsy.fd 2009/10/30 v1.6 Font defs for Latin Modern
)
LaTeX Font Info:    Trying to load font information for OMX+lmex on input line 
8.

(C:\Program Files\MiKTeX\tex/latex/lm\omxlmex.fd
File: omxlmex.fd 2009/10/30 v1.6 Font defs for Latin Modern
)
LaTeX Font Info:    External font `lmex10' loaded for size
(Font)              <12> on input line 8.
LaTeX Font Info:    External font `lmex10' loaded for size
(Font)              <8> on input line 8.
LaTeX Font Info:    External font `lmex10' loaded for size
(Font)              <6> on input line 8.
LaTeX Font Info:    Trying to load font information for U+msa on input line 8.

(C:\Program Files\MiKTeX\tex/latex/amsfonts\umsa.fd
File: umsa.fd 2013/01/14 v3.01 AMS symbols A
)
LaTeX Font Info:    Trying to load font information for U+msb on input line 8.

(C:\Program Files\MiKTeX\tex/latex/amsfonts\umsb.fd
File: umsb.fd 2013/01/14 v3.01 AMS symbols B
) [1

])
\tf@toc=\write4
\openout4 = `praca.toc'.



Package fancyhdr Warning: \headheight is too small (12.0pt): 
(fancyhdr)                Make it at least 14.49998pt, for example:
(fancyhdr)                \setlength{\headheight}{14.49998pt}.
(fancyhdr)                You might also make \topmargin smaller to compensate:

(fancyhdr)                \addtolength{\topmargin}{-2.49998pt}.

[2]pdfTeX warning (ext4): destination with the same identifier (name{page.1}) h
as been already used, duplicate ignored
<to be read again> 
                   \relax 
l.273 \cleardoublepage
                       [1


]pdfTeX warning (ext4): destination with the same identifier (name{page.2}) has
 been already used, duplicate ignored
<to be read again> 
                   \relax 
l.273 \cleardoublepage
                       [2

]
Rozdzia\l  1.
LaTeX Font Info:    Trying to load font information for TS1+lmr on input line 2
82.
(C:\Program Files\MiKTeX\tex/latex/lm\ts1lmr.fd
File: ts1lmr.fd 2009/10/30 v1.6 Font defs for Latin Modern
) [3

]

Package fancyhdr Warning: \headheight is too small (12.0pt): 
(fancyhdr)                Make it at least 14.49998pt, for example:
(fancyhdr)                \setlength{\headheight}{14.49998pt}.
(fancyhdr)                You might also make \topmargin smaller to compensate:

(fancyhdr)                \addtolength{\topmargin}{-2.49998pt}.

[4

]
Rozdzia\l  2.

Underfull \vbox (badness 2343) has occurred while \output is active []

 [5]

Package fancyhdr Warning: \headheight is too small (12.0pt): 
(fancyhdr)                Make it at least 14.49998pt, for example:
(fancyhdr)                \setlength{\headheight}{14.49998pt}.
(fancyhdr)                You might also make \topmargin smaller to compensate:

(fancyhdr)                \addtolength{\topmargin}{-2.49998pt}.

[6]

Package fancyhdr Warning: \headheight is too small (12.0pt): 
(fancyhdr)                Make it at least 14.49998pt, for example:
(fancyhdr)                \setlength{\headheight}{14.49998pt}.
(fancyhdr)                You might also make \topmargin smaller to compensate:

(fancyhdr)                \addtolength{\topmargin}{-2.49998pt}.

[7]

Package fancyhdr Warning: \headheight is too small (12.0pt): 
(fancyhdr)                Make it at least 14.49998pt, for example:
(fancyhdr)                \setlength{\headheight}{14.49998pt}.
(fancyhdr)                You might also make \topmargin smaller to compensate:

(fancyhdr)                \addtolength{\topmargin}{-2.49998pt}.

[8

]
Rozdzia\l  3.
[9]

Package fancyhdr Warning: \headheight is too small (12.0pt): 
(fancyhdr)                Make it at least 14.49998pt, for example:
(fancyhdr)                \setlength{\headheight}{14.49998pt}.
(fancyhdr)                You might also make \topmargin smaller to compensate:

(fancyhdr)                \addtolength{\topmargin}{-2.49998pt}.

[10]

Package fancyhdr Warning: \headheight is too small (12.0pt): 
(fancyhdr)                Make it at least 14.49998pt, for example:
(fancyhdr)                \setlength{\headheight}{14.49998pt}.
(fancyhdr)                You might also make \topmargin smaller to compensate:

(fancyhdr)                \addtolength{\topmargin}{-2.49998pt}.

[11]

Package fancyhdr Warning: \headheight is too small (12.0pt): 
(fancyhdr)                Make it at least 14.49998pt, for example:
(fancyhdr)                \setlength{\headheight}{14.49998pt}.
(fancyhdr)                You might also make \topmargin smaller to compensate:

(fancyhdr)                \addtolength{\topmargin}{-2.49998pt}.

[12]
<diagram_przypadk√≥w_u≈ºycia.png, id=297, 1379.90532pt x 1340.00626pt>
File: diagram_przypadk√≥w_u≈ºycia.png Graphic file (type png)
<use diagram_przypadk√≥w_u≈ºycia.png>
Package pdftex.def Info: diagram_przypadk√≥w_u≈ºycia.png  used on input line 36
1.
(pdftex.def)             Requested size: 418.24908pt x 591.52658pt.


LaTeX Warning: Float too large for page by 24.49637pt on input line 364.


Package fancyhdr Warning: \headheight is too small (12.0pt): 
(fancyhdr)                Make it at least 14.49998pt, for example:
(fancyhdr)                \setlength{\headheight}{14.49998pt}.
(fancyhdr)                You might also make \topmargin smaller to compensate:

(fancyhdr)                \addtolength{\topmargin}{-2.49998pt}.

[13]

Package fancyhdr Warning: \headheight is too small (12.0pt): 
(fancyhdr)                Make it at least 14.49998pt, for example:
(fancyhdr)                \setlength{\headheight}{14.49998pt}.
(fancyhdr)                You might also make \topmargin smaller to compensate:

(fancyhdr)                \addtolength{\topmargin}{-2.49998pt}.

[14]
Overfull \hbox (3.38707pt too wide) in paragraph at lines 402--403
\T1/lmr/m/n/12 formy ASP.NET, mo-dele wy-ko-rzy-sty-wane do za-py-ta´ HTTP oraz
 klasy obiek-
 []


Package fancyhdr Warning: \headheight is too small (12.0pt): 
(fancyhdr)                Make it at least 14.49998pt, for example:
(fancyhdr)                \setlength{\headheight}{14.49998pt}.
(fancyhdr)                You might also make \topmargin smaller to compensate:

(fancyhdr)                \addtolength{\topmargin}{-2.49998pt}.

[15]

Package fancyhdr Warning: \headheight is too small (12.0pt): 
(fancyhdr)                Make it at least 14.49998pt, for example:
(fancyhdr)                \setlength{\headheight}{14.49998pt}.
(fancyhdr)                You might also make \topmargin smaller to compensate:

(fancyhdr)                \addtolength{\topmargin}{-2.49998pt}.

[16]

Package fancyhdr Warning: \headheight is too small (12.0pt): 
(fancyhdr)                Make it at least 14.49998pt, for example:
(fancyhdr)                \setlength{\headheight}{14.49998pt}.
(fancyhdr)                You might also make \topmargin smaller to compensate:

(fancyhdr)                \addtolength{\topmargin}{-2.49998pt}.

[17]

Package fancyhdr Warning: \headheight is too small (12.0pt): 
(fancyhdr)                Make it at least 14.49998pt, for example:
(fancyhdr)                \setlength{\headheight}{14.49998pt}.
(fancyhdr)                You might also make \topmargin smaller to compensate:

(fancyhdr)                \addtolength{\topmargin}{-2.49998pt}.

[18 <./diagram_przypadk√≥w_u≈ºycia.png>]
Rozdzia\l  4.
[19

]
<../zrzuty_ekranu/instalcja_mongodb/mongodbsite.png, id=359, 1429.59094pt x 688
.07062pt>
File: ../zrzuty_ekranu/instalcja_mongodb/mongodbsite.png Graphic file (type png
)
<use ../zrzuty_ekranu/instalcja_mongodb/mongodbsite.png>
Package pdftex.def Info: ../zrzuty_ekranu/instalcja_mongodb/mongodbsite.png  us
ed on input line 465.
(pdftex.def)             Requested size: 313.69025pt x 150.97704pt.


Package fancyhdr Warning: \headheight is too small (12.0pt): 
(fancyhdr)                Make it at least 14.49998pt, for example:
(fancyhdr)                \setlength{\headheight}{14.49998pt}.
(fancyhdr)                You might also make \topmargin smaller to compensate:

(fancyhdr)                \addtolength{\topmargin}{-2.49998pt}.

[20]
<../zrzuty_ekranu/instalcja_mongodb/mongodb1.png, id=364, 371.88937pt x 292.091
25pt>
File: ../zrzuty_ekranu/instalcja_mongodb/mongodb1.png Graphic file (type png)
<use ../zrzuty_ekranu/instalcja_mongodb/mongodb1.png>
Package pdftex.def Info: ../zrzuty_ekranu/instalcja_mongodb/mongodb1.png  used 
on input line 476.
(pdftex.def)             Requested size: 209.12683pt x 164.25633pt.
<../zrzuty_ekranu/instalcja_mongodb/mongodb2.png, id=365, 371.88937pt x 292.091
25pt>
File: ../zrzuty_ekranu/instalcja_mongodb/mongodb2.png Graphic file (type png)
<use ../zrzuty_ekranu/instalcja_mongodb/mongodb2.png>
Package pdftex.def Info: ../zrzuty_ekranu/instalcja_mongodb/mongodb2.png  used 
on input line 487.
(pdftex.def)             Requested size: 209.12683pt x 164.25633pt.

Underfull \vbox (badness 10000) has occurred while \output is active []



Package fancyhdr Warning: \headheight is too small (12.0pt): 
(fancyhdr)                Make it at least 14.49998pt, for example:
(fancyhdr)                \setlength{\headheight}{14.49998pt}.
(fancyhdr)                You might also make \topmargin smaller to compensate:

(fancyhdr)                \addtolength{\topmargin}{-2.49998pt}.

[21

 <../zrzuty_ekranu/instalcja_mongodb/mongodbsite.png> <../zrzuty_ekranu/instalc
ja_mongodb/mongodb1.png>]
<../zrzuty_ekranu/instalcja_mongodb/mongodb3.png, id=373, 371.88937pt x 290.585
63pt>
File: ../zrzuty_ekranu/instalcja_mongodb/mongodb3.png Graphic file (type png)
<use ../zrzuty_ekranu/instalcja_mongodb/mongodb3.png>
Package pdftex.def Info: ../zrzuty_ekranu/instalcja_mongodb/mongodb3.png  used 
on input line 498.
(pdftex.def)             Requested size: 209.12683pt x 163.40967pt.
<../zrzuty_ekranu/instalcja_mongodb/mongodb4.png, id=374, 371.13657pt x 289.08p
t>
File: ../zrzuty_ekranu/instalcja_mongodb/mongodb4.png Graphic file (type png)
<use ../zrzuty_ekranu/instalcja_mongodb/mongodb4.png>
Package pdftex.def Info: ../zrzuty_ekranu/instalcja_mongodb/mongodb4.png  used 
on input line 509.
(pdftex.def)             Requested size: 209.12683pt x 162.8938pt.

Underfull \vbox (badness 10000) has occurred while \output is active []



Package fancyhdr Warning: \headheight is too small (12.0pt): 
(fancyhdr)                Make it at least 14.49998pt, for example:
(fancyhdr)                \setlength{\headheight}{14.49998pt}.
(fancyhdr)                You might also make \topmargin smaller to compensate:

(fancyhdr)                \addtolength{\topmargin}{-2.49998pt}.

[22


 <../zrzuty_ekranu/instalcja_mongodb/mongodb2.png> <../zrzuty_ekranu/instalcja_
mongodb/mongodb3.png>]
<../zrzuty_ekranu/instalcja_mongodb/mogndodb5.png, id=381, 372.64218pt x 291.33
844pt>
File: ../zrzuty_ekranu/instalcja_mongodb/mogndodb5.png Graphic file (type png)
<use ../zrzuty_ekranu/instalcja_mongodb/mogndodb5.png>
Package pdftex.def Info: ../zrzuty_ekranu/instalcja_mongodb/mogndodb5.png  used
 on input line 520.
(pdftex.def)             Requested size: 209.12683pt x 163.49515pt.
<../zrzuty_ekranu/instalcja_mongodb/mongodb6.png, id=382, 371.13657pt x 289.832
81pt>
File: ../zrzuty_ekranu/instalcja_mongodb/mongodb6.png Graphic file (type png)
<use ../zrzuty_ekranu/instalcja_mongodb/mongodb6.png>
Package pdftex.def Info: ../zrzuty_ekranu/instalcja_mongodb/mongodb6.png  used 
on input line 531.
(pdftex.def)             Requested size: 209.12683pt x 163.31801pt.

Underfull \vbox (badness 10000) has occurred while \output is active []



Package fancyhdr Warning: \headheight is too small (12.0pt): 
(fancyhdr)                Make it at least 14.49998pt, for example:
(fancyhdr)                \setlength{\headheight}{14.49998pt}.
(fancyhdr)                You might also make \topmargin smaller to compensate:

(fancyhdr)                \addtolength{\topmargin}{-2.49998pt}.

[23


 <../zrzuty_ekranu/instalcja_mongodb/mongodb4.png> <../zrzuty_ekranu/instalcja_
mongodb/mogndodb5.png>]
<../zrzuty_ekranu/instalcja_mongodb/mongodb_finish.png, id=389, 369.63094pt x 2
89.83281pt>
File: ../zrzuty_ekranu/instalcja_mongodb/mongodb_finish.png Graphic file (type 
png)
<use ../zrzuty_ekranu/instalcja_mongodb/mongodb_finish.png>
Package pdftex.def Info: ../zrzuty_ekranu/instalcja_mongodb/mongodb_finish.png 
 used on input line 542.
(pdftex.def)             Requested size: 209.12683pt x 163.98138pt.
<../zrzuty_ekranu/instalacja_dotnet5/dotnet_sdk.png, id=391, 1428.08531pt x 687
.31781pt>
File: ../zrzuty_ekranu/instalacja_dotnet5/dotnet_sdk.png Graphic file (type png
)
<use ../zrzuty_ekranu/instalacja_dotnet5/dotnet_sdk.png>
Package pdftex.def Info: ../zrzuty_ekranu/instalacja_dotnet5/dotnet_sdk.png  us
ed on input line 553.
(pdftex.def)             Requested size: 313.69025pt x 150.96916pt.


Package fancyhdr Warning: \headheight is too small (12.0pt): 
(fancyhdr)                Make it at least 14.49998pt, for example:
(fancyhdr)                \setlength{\headheight}{14.49998pt}.
(fancyhdr)                You might also make \topmargin smaller to compensate:

(fancyhdr)                \addtolength{\topmargin}{-2.49998pt}.

[24


 <../zrzuty_ekranu/instalcja_mongodb/mongodb6.png> <../zrzuty_ekranu/instalcja_
mongodb/mongodb_finish.png>]
<../zrzuty_ekranu/instalacja_dotnet5/dotnet1.png, id=398, 484.05844pt x 359.844
38pt>
File: ../zrzuty_ekranu/instalacja_dotnet5/dotnet1.png Graphic file (type png)
<use ../zrzuty_ekranu/instalacja_dotnet5/dotnet1.png>
Package pdftex.def Info: ../zrzuty_ekranu/instalacja_dotnet5/dotnet1.png  used 
on input line 561.
(pdftex.def)             Requested size: 209.12683pt x 155.46582pt.
<../zrzuty_ekranu/instalacja_dotnet5/dotnet_finish.png, id=399, 488.57532pt x 3
62.85562pt>
File: ../zrzuty_ekranu/instalacja_dotnet5/dotnet_finish.png Graphic file (type 
png)
<use ../zrzuty_ekranu/instalacja_dotnet5/dotnet_finish.png>
Package pdftex.def Info: ../zrzuty_ekranu/instalacja_dotnet5/dotnet_finish.png 
 used on input line 570.
(pdftex.def)             Requested size: 209.12683pt x 155.31618pt.

Underfull \vbox (badness 10000) has occurred while \output is active []



Package fancyhdr Warning: \headheight is too small (12.0pt): 
(fancyhdr)                Make it at least 14.49998pt, for example:
(fancyhdr)                \setlength{\headheight}{14.49998pt}.
(fancyhdr)                You might also make \topmargin smaller to compensate:

(fancyhdr)                \addtolength{\topmargin}{-2.49998pt}.

[25

 <../zrzuty_ekranu/instalacja_dotnet5/dotnet_sdk.png> <../zrzuty_ekranu/instala
cja_dotnet5/dotnet1.png>]
<../zrzuty_ekranu/instalacja_nodejs/node_page.png, id=407, 1429.59094pt x 621.0
7031pt>
File: ../zrzuty_ekranu/instalacja_nodejs/node_page.png Graphic file (type png)
<use ../zrzuty_ekranu/instalacja_nodejs/node_page.png>
Package pdftex.def Info: ../zrzuty_ekranu/instalacja_nodejs/node_page.png  used
 on input line 583.
(pdftex.def)             Requested size: 209.12683pt x 90.8442pt.

Overfull \hbox (14.45465pt too wide) in paragraph at lines 580--586
[]\T1/lmr/m/n/12 W pierw-szej ko-lej-no-±ci za-in-sta-lo-wana musi by¢ plat-for
ma uru-cho-mie-niowa \T1/lmr/m/it/12 Node.js\T1/lmr/m/n/12 ,
 []


Underfull \vbox (badness 10000) has occurred while \output is active []



Package fancyhdr Warning: \headheight is too small (12.0pt): 
(fancyhdr)                Make it at least 14.49998pt, for example:
(fancyhdr)                \setlength{\headheight}{14.49998pt}.
(fancyhdr)                You might also make \topmargin smaller to compensate:

(fancyhdr)                \addtolength{\topmargin}{-2.49998pt}.

[26 <../zrzuty_ekranu/instalacja_dotnet5/dotnet_finish.png>]
<../zrzuty_ekranu/instalacja_nodejs/node1.png, id=413, 372.64218pt x 290.58563p
t>
File: ../zrzuty_ekranu/instalacja_nodejs/node1.png Graphic file (type png)
<use ../zrzuty_ekranu/instalacja_nodejs/node1.png>
Package pdftex.def Info: ../zrzuty_ekranu/instalacja_nodejs/node1.png  used on 
input line 591.
(pdftex.def)             Requested size: 209.12683pt x 163.0727pt.
<../zrzuty_ekranu/instalacja_nodejs/node2.png, id=414, 370.38374pt x 289.08pt>
File: ../zrzuty_ekranu/instalacja_nodejs/node2.png Graphic file (type png)
<use ../zrzuty_ekranu/instalacja_nodejs/node2.png>
Package pdftex.def Info: ../zrzuty_ekranu/instalacja_nodejs/node2.png  used on 
input line 599.
(pdftex.def)             Requested size: 209.12683pt x 163.22021pt.

Underfull \vbox (badness 10000) has occurred while \output is active []



Package fancyhdr Warning: \headheight is too small (12.0pt): 
(fancyhdr)                Make it at least 14.49998pt, for example:
(fancyhdr)                \setlength{\headheight}{14.49998pt}.
(fancyhdr)                You might also make \topmargin smaller to compensate:

(fancyhdr)                \addtolength{\topmargin}{-2.49998pt}.

[27 <../zrzuty_ekranu/instalacja_nodejs/node_page.png> <../zrzuty_ekranu/instal
acja_nodejs/node1.png>]
<../zrzuty_ekranu/instalacja_nodejs/node3.png, id=422, 370.38374pt x 289.83281p
t>
File: ../zrzuty_ekranu/instalacja_nodejs/node3.png Graphic file (type png)
<use ../zrzuty_ekranu/instalacja_nodejs/node3.png>
Package pdftex.def Info: ../zrzuty_ekranu/instalacja_nodejs/node3.png  used on 
input line 607.
(pdftex.def)             Requested size: 209.12683pt x 163.64526pt.
<../zrzuty_ekranu/instalacja_nodejs/node4.png, id=423, 371.88937pt x 292.84406p
t>
File: ../zrzuty_ekranu/instalacja_nodejs/node4.png Graphic file (type png)
<use ../zrzuty_ekranu/instalacja_nodejs/node4.png>
Package pdftex.def Info: ../zrzuty_ekranu/instalacja_nodejs/node4.png  used on 
input line 616.
(pdftex.def)             Requested size: 209.12683pt x 164.67969pt.

Underfull \vbox (badness 10000) has occurred while \output is active []



Package fancyhdr Warning: \headheight is too small (12.0pt): 
(fancyhdr)                Make it at least 14.49998pt, for example:
(fancyhdr)                \setlength{\headheight}{14.49998pt}.
(fancyhdr)                You might also make \topmargin smaller to compensate:

(fancyhdr)                \addtolength{\topmargin}{-2.49998pt}.

[28 <../zrzuty_ekranu/instalacja_nodejs/node2.png> <../zrzuty_ekranu/instalacja
_nodejs/node3.png>]
<../zrzuty_ekranu/instalacja_nodejs/node5.png, id=430, 370.38374pt x 289.08pt>
File: ../zrzuty_ekranu/instalacja_nodejs/node5.png Graphic file (type png)
<use ../zrzuty_ekranu/instalacja_nodejs/node5.png>
Package pdftex.def Info: ../zrzuty_ekranu/instalacja_nodejs/node5.png  used on 
input line 625.
(pdftex.def)             Requested size: 209.12683pt x 163.22021pt.
<../zrzuty_ekranu/instalacja_nodejs/node6.png, id=431, 372.64218pt x 289.08pt>
File: ../zrzuty_ekranu/instalacja_nodejs/node6.png Graphic file (type png)
<use ../zrzuty_ekranu/instalacja_nodejs/node6.png>
Package pdftex.def Info: ../zrzuty_ekranu/instalacja_nodejs/node6.png  used on 
input line 633.
(pdftex.def)             Requested size: 209.12683pt x 162.22774pt.

Underfull \vbox (badness 3735) has occurred while \output is active []



Package fancyhdr Warning: \headheight is too small (12.0pt): 
(fancyhdr)                Make it at least 14.49998pt, for example:
(fancyhdr)                \setlength{\headheight}{14.49998pt}.
(fancyhdr)                You might also make \topmargin smaller to compensate:

(fancyhdr)                \addtolength{\topmargin}{-2.49998pt}.

[29 <../zrzuty_ekranu/instalacja_nodejs/node4.png> <../zrzuty_ekranu/instalacja
_nodejs/node5.png>]
Package hyperref Info: bookmark level for unknown lstlisting defaults to 0 on i
nput line 642.


Package fancyhdr Warning: \headheight is too small (12.0pt): 
(fancyhdr)                Make it at least 14.49998pt, for example:
(fancyhdr)                \setlength{\headheight}{14.49998pt}.
(fancyhdr)                You might also make \topmargin smaller to compensate:

(fancyhdr)                \addtolength{\topmargin}{-2.49998pt}.

[30 <../zrzuty_ekranu/instalacja_nodejs/node6.png>]

Package fancyhdr Warning: \headheight is too small (12.0pt): 
(fancyhdr)                Make it at least 14.49998pt, for example:
(fancyhdr)                \setlength{\headheight}{14.49998pt}.
(fancyhdr)                You might also make \topmargin smaller to compensate:

(fancyhdr)                \addtolength{\topmargin}{-2.49998pt}.

[31]

Package fancyhdr Warning: \headheight is too small (12.0pt): 
(fancyhdr)                Make it at least 14.49998pt, for example:
(fancyhdr)                \setlength{\headheight}{14.49998pt}.
(fancyhdr)                You might also make \topmargin smaller to compensate:

(fancyhdr)                \addtolength{\topmargin}{-2.49998pt}.

[32]

Package fancyhdr Warning: \headheight is too small (12.0pt): 
(fancyhdr)                Make it at least 14.49998pt, for example:
(fancyhdr)                \setlength{\headheight}{14.49998pt}.
(fancyhdr)                You might also make \topmargin smaller to compensate:

(fancyhdr)                \addtolength{\topmargin}{-2.49998pt}.

[33]
<../zrzuty_ekranu/dzialanie/rejestracja_logowanie/rejestracja.png, id=484, 1445
.4pt x 687.31781pt>
File: ../zrzuty_ekranu/dzialanie/rejestracja_logowanie/rejestracja.png Graphic 
file (type png)
<use ../zrzuty_ekranu/dzialanie/rejestracja_logowanie/rejestracja.png>
Package pdftex.def Info: ../zrzuty_ekranu/dzialanie/rejestracja_logowanie/rejes
tracja.png  used on input line 717.
(pdftex.def)             Requested size: 418.25368pt x 198.88707pt.

Underfull \vbox (badness 10000) has occurred while \output is active []



Package fancyhdr Warning: \headheight is too small (12.0pt): 
(fancyhdr)                Make it at least 14.49998pt, for example:
(fancyhdr)                \setlength{\headheight}{14.49998pt}.
(fancyhdr)                You might also make \topmargin smaller to compensate:

(fancyhdr)                \addtolength{\topmargin}{-2.49998pt}.

[34]
<../zrzuty_ekranu/dzialanie/rejestracja_logowanie/konto_utworzone.png, id=490, 
1445.4pt x 685.05937pt>
File: ../zrzuty_ekranu/dzialanie/rejestracja_logowanie/konto_utworzone.png Grap
hic file (type png)
<use ../zrzuty_ekranu/dzialanie/rejestracja_logowanie/konto_utworzone.png>
Package pdftex.def Info: ../zrzuty_ekranu/dzialanie/rejestracja_logowanie/konto
_utworzone.png  used on input line 724.
(pdftex.def)             Requested size: 418.25368pt x 198.23355pt.
<../zrzuty_ekranu/dzialanie/rejestracja_logowanie/logowanie.png, id=491, 1445.4
pt x 687.31781pt>
File: ../zrzuty_ekranu/dzialanie/rejestracja_logowanie/logowanie.png Graphic fi
le (type png)
<use ../zrzuty_ekranu/dzialanie/rejestracja_logowanie/logowanie.png>
Package pdftex.def Info: ../zrzuty_ekranu/dzialanie/rejestracja_logowanie/logow
anie.png  used on input line 733.
(pdftex.def)             Requested size: 418.25368pt x 198.88707pt.

Underfull \vbox (badness 10000) has occurred while \output is active []



Package fancyhdr Warning: \headheight is too small (12.0pt): 
(fancyhdr)                Make it at least 14.49998pt, for example:
(fancyhdr)                \setlength{\headheight}{14.49998pt}.
(fancyhdr)                You might also make \topmargin smaller to compensate:

(fancyhdr)                \addtolength{\topmargin}{-2.49998pt}.

[35 <../zrzuty_ekranu/dzialanie/rejestracja_logowanie/rejestracja.png> <../zrzu
ty_ekranu/dzialanie/rejestracja_logowanie/konto_utworzone.png>]
<../zrzuty_ekranu/dzialanie/rejestracja_logowanie/zalogowano.png, id=498, 1445.
4pt x 687.31781pt>
File: ../zrzuty_ekranu/dzialanie/rejestracja_logowanie/zalogowano.png Graphic f
ile (type png)
<use ../zrzuty_ekranu/dzialanie/rejestracja_logowanie/zalogowano.png>
Package pdftex.def Info: ../zrzuty_ekranu/dzialanie/rejestracja_logowanie/zalog
owano.png  used on input line 740.
(pdftex.def)             Requested size: 418.25368pt x 198.88707pt.


Package fancyhdr Warning: \headheight is too small (12.0pt): 
(fancyhdr)                Make it at least 14.49998pt, for example:
(fancyhdr)                \setlength{\headheight}{14.49998pt}.
(fancyhdr)                You might also make \topmargin smaller to compensate:

(fancyhdr)                \addtolength{\topmargin}{-2.49998pt}.

[36 <../zrzuty_ekranu/dzialanie/rejestracja_logowanie/logowanie.png> <../zrzuty
_ekranu/dzialanie/rejestracja_logowanie/zalogowano.png>]
<../zrzuty_ekranu/dzialanie/trener_personalny/tworzenie_konta_trenera_personaln
ego.png, id=506, 1445.4pt x 686.565pt>
File: ../zrzuty_ekranu/dzialanie/trener_personalny/tworzenie_konta_trenera_pers
onalnego.png Graphic file (type png)
<use ../zrzuty_ekranu/dzialanie/trener_personalny/tworzenie_konta_trenera_perso
nalnego.png>
Package pdftex.def Info: ../zrzuty_ekranu/dzialanie/trener_personalny/tworzenie
_konta_trenera_personalnego.png  used on input line 752.
(pdftex.def)             Requested size: 418.25368pt x 198.66922pt.
<../zrzuty_ekranu/dzialanie/obiekty/tworzenie.png, id=507, 1420.55719pt x 374.1
4781pt>
File: ../zrzuty_ekranu/dzialanie/obiekty/tworzenie.png Graphic file (type png)
<use ../zrzuty_ekranu/dzialanie/obiekty/tworzenie.png>
Package pdftex.def Info: ../zrzuty_ekranu/dzialanie/obiekty/tworzenie.png  used
 on input line 762.
(pdftex.def)             Requested size: 418.25368pt x 110.1614pt.

Underfull \vbox (badness 2573) has occurred while \output is active []



Package fancyhdr Warning: \headheight is too small (12.0pt): 
(fancyhdr)                Make it at least 14.49998pt, for example:
(fancyhdr)                \setlength{\headheight}{14.49998pt}.
(fancyhdr)                You might also make \topmargin smaller to compensate:

(fancyhdr)                \addtolength{\topmargin}{-2.49998pt}.

[37 <../zrzuty_ekranu/dzialanie/trener_personalny/tworzenie_konta_trenera_perso
nalnego.png>]
<../zrzuty_ekranu/dzialanie/obiekty/edycja.png, id=515, 1418.29875pt x 458.4628
1pt>
File: ../zrzuty_ekranu/dzialanie/obiekty/edycja.png Graphic file (type png)
<use ../zrzuty_ekranu/dzialanie/obiekty/edycja.png>
Package pdftex.def Info: ../zrzuty_ekranu/dzialanie/obiekty/edycja.png  used on
 input line 770.
(pdftex.def)             Requested size: 418.25368pt x 135.19638pt.
<../zrzuty_ekranu/dzialanie/pomieszczenia/dodawanie.png, id=516, 1445.4pt x 624
.83438pt>
File: ../zrzuty_ekranu/dzialanie/pomieszczenia/dodawanie.png Graphic file (type
 png)
<use ../zrzuty_ekranu/dzialanie/pomieszczenia/dodawanie.png>
Package pdftex.def Info: ../zrzuty_ekranu/dzialanie/pomieszczenia/dodawanie.png
  used on input line 780.
(pdftex.def)             Requested size: 418.25368pt x 180.80643pt.

Underfull \vbox (badness 10000) has occurred while \output is active []



Package fancyhdr Warning: \headheight is too small (12.0pt): 
(fancyhdr)                Make it at least 14.49998pt, for example:
(fancyhdr)                \setlength{\headheight}{14.49998pt}.
(fancyhdr)                You might also make \topmargin smaller to compensate:

(fancyhdr)                \addtolength{\topmargin}{-2.49998pt}.

[38 <../zrzuty_ekranu/dzialanie/obiekty/tworzenie.png> <../zrzuty_ekranu/dziala
nie/obiekty/edycja.png>]
<../zrzuty_ekranu/dzialanie/pomieszczenia/usuwanie.png, id=524, 1407.00656pt x 
362.85562pt>
File: ../zrzuty_ekranu/dzialanie/pomieszczenia/usuwanie.png Graphic file (type 
png)
<use ../zrzuty_ekranu/dzialanie/pomieszczenia/usuwanie.png>
Package pdftex.def Info: ../zrzuty_ekranu/dzialanie/pomieszczenia/usuwanie.png 
 used on input line 788.
(pdftex.def)             Requested size: 418.25368pt x 107.86092pt.
<../zrzuty_ekranu/dzialanie/akcesoria/dodawanie_akcesoriun.png, id=525, 1394.20
876pt x 615.80063pt>
File: ../zrzuty_ekranu/dzialanie/akcesoria/dodawanie_akcesoriun.png Graphic fil
e (type png)
<use ../zrzuty_ekranu/dzialanie/akcesoria/dodawanie_akcesoriun.png>
Package pdftex.def Info: ../zrzuty_ekranu/dzialanie/akcesoria/dodawanie_akcesor
iun.png  used on input line 798.
(pdftex.def)             Requested size: 418.25368pt x 184.73221pt.

Underfull \vbox (badness 7326) has occurred while \output is active []



Package fancyhdr Warning: \headheight is too small (12.0pt): 
(fancyhdr)                Make it at least 14.49998pt, for example:
(fancyhdr)                \setlength{\headheight}{14.49998pt}.
(fancyhdr)                You might also make \topmargin smaller to compensate:

(fancyhdr)                \addtolength{\topmargin}{-2.49998pt}.

[39 <../zrzuty_ekranu/dzialanie/pomieszczenia/dodawanie.png> <../zrzuty_ekranu/
dzialanie/pomieszczenia/usuwanie.png>]
<../zrzuty_ekranu/dzialanie/akcesoria/aktualizacja_akcesorium.png, id=534, 1398
.72563pt x 630.10406pt>
File: ../zrzuty_ekranu/dzialanie/akcesoria/aktualizacja_akcesorium.png Graphic 
file (type png)
<use ../zrzuty_ekranu/dzialanie/akcesoria/aktualizacja_akcesorium.png>
Package pdftex.def Info: ../zrzuty_ekranu/dzialanie/akcesoria/aktualizacja_akce
sorium.png  used on input line 806.
(pdftex.def)             Requested size: 418.25368pt x 188.40773pt.
<../zrzuty_ekranu/dzialanie/karnety/tworzenie_karnetu.png, id=535, 1413.78188pt
 x 376.40625pt>
File: ../zrzuty_ekranu/dzialanie/karnety/tworzenie_karnetu.png Graphic file (ty
pe png)
<use ../zrzuty_ekranu/dzialanie/karnety/tworzenie_karnetu.png>
Package pdftex.def Info: ../zrzuty_ekranu/dzialanie/karnety/tworzenie_karnetu.p
ng  used on input line 815.
(pdftex.def)             Requested size: 418.25368pt x 111.35477pt.


Package fancyhdr Warning: \headheight is too small (12.0pt): 
(fancyhdr)                Make it at least 14.49998pt, for example:
(fancyhdr)                \setlength{\headheight}{14.49998pt}.
(fancyhdr)                You might also make \topmargin smaller to compensate:

(fancyhdr)                \addtolength{\topmargin}{-2.49998pt}.

[40 <../zrzuty_ekranu/dzialanie/akcesoria/dodawanie_akcesoriun.png> <../zrzuty_
ekranu/dzialanie/akcesoria/aktualizacja_akcesorium.png>]
<../zrzuty_ekranu/dzialanie/karnety/edycja_karnetu.png, id=543, 1411.52344pt x 
456.95718pt>
File: ../zrzuty_ekranu/dzialanie/karnety/edycja_karnetu.png Graphic file (type 
png)
<use ../zrzuty_ekranu/dzialanie/karnety/edycja_karnetu.png>
Package pdftex.def Info: ../zrzuty_ekranu/dzialanie/karnety/edycja_karnetu.png 
 used on input line 823.
(pdftex.def)             Requested size: 418.25368pt x 135.40083pt.
<../zrzuty_ekranu/dzialanie/wydarzenia/dodawanie_wydarzenia.png, id=544, 1419.0
5156pt x 533.74406pt>
File: ../zrzuty_ekranu/dzialanie/wydarzenia/dodawanie_wydarzenia.png Graphic fi
le (type png)
<use ../zrzuty_ekranu/dzialanie/wydarzenia/dodawanie_wydarzenia.png>
Package pdftex.def Info: ../zrzuty_ekranu/dzialanie/wydarzenia/dodawanie_wydarz
enia.png  used on input line 835.
(pdftex.def)             Requested size: 418.25368pt x 157.31467pt.

Underfull \vbox (badness 1838) has occurred while \output is active []



Package fancyhdr Warning: \headheight is too small (12.0pt): 
(fancyhdr)                Make it at least 14.49998pt, for example:
(fancyhdr)                \setlength{\headheight}{14.49998pt}.
(fancyhdr)                You might also make \topmargin smaller to compensate:

(fancyhdr)                \addtolength{\topmargin}{-2.49998pt}.

[41 <../zrzuty_ekranu/dzialanie/karnety/tworzenie_karnetu.png> <../zrzuty_ekran
u/dzialanie/karnety/edycja_karnetu.png>]
<../zrzuty_ekranu/dzialanie/wydarzenia/wszystkie_wydarzenia.png, id=552, 1415.2
875pt x 246.9225pt>
File: ../zrzuty_ekranu/dzialanie/wydarzenia/wszystkie_wydarzenia.png Graphic fi
le (type png)
<use ../zrzuty_ekranu/dzialanie/wydarzenia/wszystkie_wydarzenia.png>
Package pdftex.def Info: ../zrzuty_ekranu/dzialanie/wydarzenia/wszystkie_wydarz
enia.png  used on input line 844.
(pdftex.def)             Requested size: 418.25368pt x 72.96959pt.
<../zrzuty_ekranu/dzialanie/wydarzenia/trener_lista_wydarzen.png, id=553, 1416.
04031pt x 252.945pt>
File: ../zrzuty_ekranu/dzialanie/wydarzenia/trener_lista_wydarzen.png Graphic f
ile (type png)
<use ../zrzuty_ekranu/dzialanie/wydarzenia/trener_lista_wydarzen.png>
Package pdftex.def Info: ../zrzuty_ekranu/dzialanie/wydarzenia/trener_lista_wyd
arzen.png  used on input line 852.
(pdftex.def)             Requested size: 418.25368pt x 74.71075pt.
<../zrzuty_ekranu/dzialanie/wydarzenia/klient_lista_wydarzen.png, id=554, 1410.
77063pt x 246.1697pt>
File: ../zrzuty_ekranu/dzialanie/wydarzenia/klient_lista_wydarzen.png Graphic f
ile (type png)
<use ../zrzuty_ekranu/dzialanie/wydarzenia/klient_lista_wydarzen.png>
Package pdftex.def Info: ../zrzuty_ekranu/dzialanie/wydarzenia/klient_lista_wyd
arzen.png  used on input line 860.
(pdftex.def)             Requested size: 418.25368pt x 72.98003pt.


Package fancyhdr Warning: \headheight is too small (12.0pt): 
(fancyhdr)                Make it at least 14.49998pt, for example:
(fancyhdr)                \setlength{\headheight}{14.49998pt}.
(fancyhdr)                You might also make \topmargin smaller to compensate:

(fancyhdr)                \addtolength{\topmargin}{-2.49998pt}.

[42 <../zrzuty_ekranu/dzialanie/wydarzenia/dodawanie_wydarzenia.png> <../zrzuty
_ekranu/dzialanie/wydarzenia/wszystkie_wydarzenia.png> <../zrzuty_ekranu/dziala
nie/wydarzenia/trener_lista_wydarzen.png>]
<../zrzuty_ekranu/dzialanie/wydarzenia/trener_podlad_wydarzenie.png, id=563, 14
16.79312pt x 317.68687pt>
File: ../zrzuty_ekranu/dzialanie/wydarzenia/trener_podlad_wydarzenie.png Graphi
c file (type png)
<use ../zrzuty_ekranu/dzialanie/wydarzenia/trener_podlad_wydarzenie.png>
Package pdftex.def Info: ../zrzuty_ekranu/dzialanie/wydarzenia/trener_podlad_wy
darzenie.png  used on input line 869.
(pdftex.def)             Requested size: 418.25368pt x 93.78467pt.
<../zrzuty_ekranu/dzialanie/wydarzenia/klient_podlad_wydarzenia.png, id=564, 14
12.27625pt x 315.42844pt>
File: ../zrzuty_ekranu/dzialanie/wydarzenia/klient_podlad_wydarzenia.png Graphi
c file (type png)
<use ../zrzuty_ekranu/dzialanie/wydarzenia/klient_podlad_wydarzenia.png>
Package pdftex.def Info: ../zrzuty_ekranu/dzialanie/wydarzenia/klient_podlad_wy
darzenia.png  used on input line 877.
(pdftex.def)             Requested size: 418.25368pt x 93.41637pt.


Package fancyhdr Warning: \headheight is too small (12.0pt): 
(fancyhdr)                Make it at least 14.49998pt, for example:
(fancyhdr)                \setlength{\headheight}{14.49998pt}.
(fancyhdr)                You might also make \topmargin smaller to compensate:

(fancyhdr)                \addtolength{\topmargin}{-2.49998pt}.

[43 <../zrzuty_ekranu/dzialanie/wydarzenia/klient_lista_wydarzen.png> <../zrzut
y_ekranu/dzialanie/wydarzenia/trener_podlad_wydarzenie.png> <../zrzuty_ekranu/d
zialanie/wydarzenia/klient_podlad_wydarzenia.png>]
<../zrzuty_ekranu/dzialanie/treningi/dodawanie_treningu.png, id=573, 1413.02907
pt x 430.60875pt>
File: ../zrzuty_ekranu/dzialanie/treningi/dodawanie_treningu.png Graphic file (
type png)
<use ../zrzuty_ekranu/dzialanie/treningi/dodawanie_treningu.png>
Package pdftex.def Info: ../zrzuty_ekranu/dzialanie/treningi/dodawanie_treningu
.png  used on input line 889.
(pdftex.def)             Requested size: 418.25368pt x 127.45555pt.
<../zrzuty_ekranu/dzialanie/treningi/klient_dostepne_treningi.png, id=574, 1413
.78188pt x 245.41687pt>
File: ../zrzuty_ekranu/dzialanie/treningi/klient_dostepne_treningi.png Graphic 
file (type png)
<use ../zrzuty_ekranu/dzialanie/treningi/klient_dostepne_treningi.png>
Package pdftex.def Info: ../zrzuty_ekranu/dzialanie/treningi/klient_dostepne_tr
eningi.png  used on input line 898.
(pdftex.def)             Requested size: 418.25368pt x 72.6033pt.
<../zrzuty_ekranu/dzialanie/treningi/klient_lista_treningow.png, id=575, 1414.5
3468pt x 246.1697pt>
File: ../zrzuty_ekranu/dzialanie/treningi/klient_lista_treningow.png Graphic fi
le (type png)
<use ../zrzuty_ekranu/dzialanie/treningi/klient_lista_treningow.png>
Package pdftex.def Info: ../zrzuty_ekranu/dzialanie/treningi/klient_lista_treni
ngow.png  used on input line 906.
(pdftex.def)             Requested size: 418.25368pt x 72.7847pt.


Package fancyhdr Warning: \headheight is too small (12.0pt): 
(fancyhdr)                Make it at least 14.49998pt, for example:
(fancyhdr)                \setlength{\headheight}{14.49998pt}.
(fancyhdr)                You might also make \topmargin smaller to compensate:

(fancyhdr)                \addtolength{\topmargin}{-2.49998pt}.

[44 <../zrzuty_ekranu/dzialanie/treningi/dodawanie_treningu.png> <../zrzuty_ekr
anu/dzialanie/treningi/klient_dostepne_treningi.png>]
<../zrzuty_ekranu/dzialanie/treningi/trener_lista_treningow.png, id=584, 1410.7
7063pt x 244.66406pt>
File: ../zrzuty_ekranu/dzialanie/treningi/trener_lista_treningow.png Graphic fi
le (type png)
<use ../zrzuty_ekranu/dzialanie/treningi/trener_lista_treningow.png>
Package pdftex.def Info: ../zrzuty_ekranu/dzialanie/treningi/trener_lista_treni
ngow.png  used on input line 914.
(pdftex.def)             Requested size: 418.25368pt x 72.53366pt.
<../zrzuty_ekranu/dzialanie/treningi/trening_opcje_trener.png, id=585, 1409.265
pt x 240.9pt>
File: ../zrzuty_ekranu/dzialanie/treningi/trening_opcje_trener.png Graphic file
 (type png)
<use ../zrzuty_ekranu/dzialanie/treningi/trening_opcje_trener.png>
Package pdftex.def Info: ../zrzuty_ekranu/dzialanie/treningi/trening_opcje_tren
er.png  used on input line 922.
(pdftex.def)             Requested size: 418.25368pt x 71.49495pt.
<../zrzuty_ekranu/dzialanie/karnety/lista_karnetow.png, id=586, 1416.79312pt x 
487.8225pt>
File: ../zrzuty_ekranu/dzialanie/karnety/lista_karnetow.png Graphic file (type 
png)
<use ../zrzuty_ekranu/dzialanie/karnety/lista_karnetow.png>
Package pdftex.def Info: ../zrzuty_ekranu/dzialanie/karnety/lista_karnetow.png 
 used on input line 931.
(pdftex.def)             Requested size: 418.25368pt x 144.01059pt.

Underfull \vbox (badness 3250) has occurred while \output is active []



Package fancyhdr Warning: \headheight is too small (12.0pt): 
(fancyhdr)                Make it at least 14.49998pt, for example:
(fancyhdr)                \setlength{\headheight}{14.49998pt}.
(fancyhdr)                You might also make \topmargin smaller to compensate:

(fancyhdr)                \addtolength{\topmargin}{-2.49998pt}.

[45 <../zrzuty_ekranu/dzialanie/treningi/klient_lista_treningow.png> <../zrzuty
_ekranu/dzialanie/treningi/trener_lista_treningow.png> <../zrzuty_ekranu/dziala
nie/treningi/trening_opcje_trener.png>]
<../zrzuty_ekranu/dzialanie/bramki/bramka_wejsciowa.png, id=595, 1413.78188pt x
 392.21532pt>
File: ../zrzuty_ekranu/dzialanie/bramki/bramka_wejsciowa.png Graphic file (type
 png)
<use ../zrzuty_ekranu/dzialanie/bramki/bramka_wejsciowa.png>
Package pdftex.def Info: ../zrzuty_ekranu/dzialanie/bramki/bramka_wejsciowa.png
  used on input line 942.
(pdftex.def)             Requested size: 418.25368pt x 116.03166pt.
<../zrzuty_ekranu/dzialanie/bramki/bramka_wyjsciowa.png, id=596, 1414.53468pt x
 310.15875pt>
File: ../zrzuty_ekranu/dzialanie/bramki/bramka_wyjsciowa.png Graphic file (type
 png)
<use ../zrzuty_ekranu/dzialanie/bramki/bramka_wyjsciowa.png>
Package pdftex.def Info: ../zrzuty_ekranu/dzialanie/bramki/bramka_wyjsciowa.png
  used on input line 951.
(pdftex.def)             Requested size: 418.25368pt x 91.70427pt.


Package fancyhdr Warning: \headheight is too small (12.0pt): 
(fancyhdr)                Make it at least 14.49998pt, for example:
(fancyhdr)                \setlength{\headheight}{14.49998pt}.
(fancyhdr)                You might also make \topmargin smaller to compensate:

(fancyhdr)                \addtolength{\topmargin}{-2.49998pt}.

[46 <../zrzuty_ekranu/dzialanie/karnety/lista_karnetow.png> <../zrzuty_ekranu/d
zialanie/bramki/bramka_wejsciowa.png>]

Package fancyhdr Warning: \headheight is too small (12.0pt): 
(fancyhdr)                Make it at least 14.49998pt, for example:
(fancyhdr)                \setlength{\headheight}{14.49998pt}.
(fancyhdr)                You might also make \topmargin smaller to compensate:

(fancyhdr)                \addtolength{\topmargin}{-2.49998pt}.

[47 <../zrzuty_ekranu/dzialanie/bramki/bramka_wyjsciowa.png>]

Package fancyhdr Warning: \headheight is too small (12.0pt): 
(fancyhdr)                Make it at least 14.49998pt, for example:
(fancyhdr)                \setlength{\headheight}{14.49998pt}.
(fancyhdr)                You might also make \topmargin smaller to compensate:

(fancyhdr)                \addtolength{\topmargin}{-2.49998pt}.

[48

]
Rozdzia\l  5.
<../diagramy/architektura.png, id=614, 1206.5075pt x 703.62875pt>
File: ../diagramy/architektura.png Graphic file (type png)
<use ../diagramy/architektura.png>
Package pdftex.def Info: ../diagramy/architektura.png  used on input line 963.
(pdftex.def)             Requested size: 418.25368pt x 243.92245pt.

Underfull \vbox (badness 10000) has occurred while \output is active []

 [49]

Package fancyhdr Warning: \headheight is too small (12.0pt): 
(fancyhdr)                Make it at least 14.49998pt, for example:
(fancyhdr)                \setlength{\headheight}{14.49998pt}.
(fancyhdr)                You might also make \topmargin smaller to compensate:

(fancyhdr)                \addtolength{\topmargin}{-2.49998pt}.

[50 <../diagramy/architektura.png>]
Overfull \hbox (29.53807pt too wide) in paragraph at lines 973--974
\T1/lmr/m/n/12 ªe-to-nÛw JWT oraz spraw-dza-nie ich po-praw-no-±ci. \T1/lmr/m/i
t/12 Sam-son.Web.Application.Identity
 []


Package fancyhdr Warning: \headheight is too small (12.0pt): 
(fancyhdr)                Make it at least 14.49998pt, for example:
(fancyhdr)                \setlength{\headheight}{14.49998pt}.
(fancyhdr)                You might also make \topmargin smaller to compensate:

(fancyhdr)                \addtolength{\topmargin}{-2.49998pt}.

[51]
<../diagramy/schemat_bazy.png, id=632, 987.69pt x 748.7975pt>
File: ../diagramy/schemat_bazy.png Graphic file (type png)
<use ../diagramy/schemat_bazy.png>
Package pdftex.def Info: ../diagramy/schemat_bazy.png  used on input line 993.
(pdftex.def)             Requested size: 418.25368pt x 317.08644pt.

Underfull \vbox (badness 10000) has occurred while \output is active []



Package fancyhdr Warning: \headheight is too small (12.0pt): 
(fancyhdr)                Make it at least 14.49998pt, for example:
(fancyhdr)                \setlength{\headheight}{14.49998pt}.
(fancyhdr)                You might also make \topmargin smaller to compensate:

(fancyhdr)                \addtolength{\topmargin}{-2.49998pt}.

[52]

Package fancyhdr Warning: \headheight is too small (12.0pt): 
(fancyhdr)                Make it at least 14.49998pt, for example:
(fancyhdr)                \setlength{\headheight}{14.49998pt}.
(fancyhdr)                You might also make \topmargin smaller to compensate:

(fancyhdr)                \addtolength{\topmargin}{-2.49998pt}.

[53 <../diagramy/schemat_bazy.png>]
Underfull \vbox (badness 1968) has occurred while \output is active []



Package fancyhdr Warning: \headheight is too small (12.0pt): 
(fancyhdr)                Make it at least 14.49998pt, for example:
(fancyhdr)                \setlength{\headheight}{14.49998pt}.
(fancyhdr)                You might also make \topmargin smaller to compensate:

(fancyhdr)                \addtolength{\topmargin}{-2.49998pt}.

[54]
Underfull \vbox (badness 3375) has occurred while \output is active []



Package fancyhdr Warning: \headheight is too small (12.0pt): 
(fancyhdr)                Make it at least 14.49998pt, for example:
(fancyhdr)                \setlength{\headheight}{14.49998pt}.
(fancyhdr)                You might also make \topmargin smaller to compensate:

(fancyhdr)                \addtolength{\topmargin}{-2.49998pt}.

[55]

Package fancyhdr Warning: \headheight is too small (12.0pt): 
(fancyhdr)                Make it at least 14.49998pt, for example:
(fancyhdr)                \setlength{\headheight}{14.49998pt}.
(fancyhdr)                You might also make \topmargin smaller to compensate:

(fancyhdr)                \addtolength{\topmargin}{-2.49998pt}.

[56]
Underfull \vbox (badness 2334) has occurred while \output is active []



Package fancyhdr Warning: \headheight is too small (12.0pt): 
(fancyhdr)                Make it at least 14.49998pt, for example:
(fancyhdr)                \setlength{\headheight}{14.49998pt}.
(fancyhdr)                You might also make \topmargin smaller to compensate:

(fancyhdr)                \addtolength{\topmargin}{-2.49998pt}.

[57]
Underfull \vbox (badness 2435) has occurred while \output is active []



Package fancyhdr Warning: \headheight is too small (12.0pt): 
(fancyhdr)                Make it at least 14.49998pt, for example:
(fancyhdr)                \setlength{\headheight}{14.49998pt}.
(fancyhdr)                You might also make \topmargin smaller to compensate:

(fancyhdr)                \addtolength{\topmargin}{-2.49998pt}.

[58]

Package fancyhdr Warning: \headheight is too small (12.0pt): 
(fancyhdr)                Make it at least 14.49998pt, for example:
(fancyhdr)                \setlength{\headheight}{14.49998pt}.
(fancyhdr)                You might also make \topmargin smaller to compensate:

(fancyhdr)                \addtolength{\topmargin}{-2.49998pt}.

[59]

Package fancyhdr Warning: \headheight is too small (12.0pt): 
(fancyhdr)                Make it at least 14.49998pt, for example:
(fancyhdr)                \setlength{\headheight}{14.49998pt}.
(fancyhdr)                You might also make \topmargin smaller to compensate:

(fancyhdr)                \addtolength{\topmargin}{-2.49998pt}.

[60

]
Rozdzia\l  6.
[61]
Underfull \vbox (badness 2435) has occurred while \output is active []



Package fancyhdr Warning: \headheight is too small (12.0pt): 
(fancyhdr)                Make it at least 14.49998pt, for example:
(fancyhdr)                \setlength{\headheight}{14.49998pt}.
(fancyhdr)                You might also make \topmargin smaller to compensate:

(fancyhdr)                \addtolength{\topmargin}{-2.49998pt}.

[62]
<../zrzuty_ekranu/testy/swagger.png, id=791, 952.30782pt x 939.51pt>
File: ../zrzuty_ekranu/testy/swagger.png Graphic file (type png)
<use ../zrzuty_ekranu/testy/swagger.png>
Package pdftex.def Info: ../zrzuty_ekranu/testy/swagger.png  used on input line
 1140.
(pdftex.def)             Requested size: 292.77629pt x 288.83669pt.

Underfull \vbox (badness 10000) has occurred while \output is active []



Package fancyhdr Warning: \headheight is too small (12.0pt): 
(fancyhdr)                Make it at least 14.49998pt, for example:
(fancyhdr)                \setlength{\headheight}{14.49998pt}.
(fancyhdr)                You might also make \topmargin smaller to compensate:

(fancyhdr)                \addtolength{\topmargin}{-2.49998pt}.

[63]

Package fancyhdr Warning: \headheight is too small (12.0pt): 
(fancyhdr)                Make it at least 14.49998pt, for example:
(fancyhdr)                \setlength{\headheight}{14.49998pt}.
(fancyhdr)                You might also make \topmargin smaller to compensate:

(fancyhdr)                \addtolength{\topmargin}{-2.49998pt}.

[64 <../zrzuty_ekranu/testy/swagger.png>]

Package fancyhdr Warning: \headheight is too small (12.0pt): 
(fancyhdr)                Make it at least 14.49998pt, for example:
(fancyhdr)                \setlength{\headheight}{14.49998pt}.
(fancyhdr)                You might also make \topmargin smaller to compensate:

(fancyhdr)                \addtolength{\topmargin}{-2.49998pt}.

[65]

Package fancyhdr Warning: \headheight is too small (12.0pt): 
(fancyhdr)                Make it at least 14.49998pt, for example:
(fancyhdr)                \setlength{\headheight}{14.49998pt}.
(fancyhdr)                You might also make \topmargin smaller to compensate:

(fancyhdr)                \addtolength{\topmargin}{-2.49998pt}.

[66]
Rozdzia\l  7.
(praca.bbl [67

]

Package fancyhdr Warning: \headheight is too small (12.0pt): 
(fancyhdr)                Make it at least 14.49998pt, for example:
(fancyhdr)                \setlength{\headheight}{14.49998pt}.
(fancyhdr)                You might also make \topmargin smaller to compensate:

(fancyhdr)                \addtolength{\topmargin}{-2.49998pt}.

[68

]
LaTeX Font Info:    Trying to load font information for T1+lmtt on input line 5
.
 (C:\Program Files\MiKTeX\tex/latex/lm\t1lmtt.fd
File: t1lmtt.fd 2009/10/30 v1.6 Font defs for Latin Modern
)
Underfull \hbox (badness 10000) in paragraph at lines 8--11
[]\T1/lmr/m/n/12 Data Mo-del De-sign.  []$\T1/lmtt/m/n/12 https : / / docs . mo
ngodb . com / manual / core /
 []


Underfull \hbox (badness 10000) in paragraph at lines 30--33
[]\T1/lmr/m/n/12 Instance Per Li-fe-time Scope.  []$\T1/lmtt/m/n/12 https : / /
 autofac .
 []


Underfull \hbox (badness 10000) in paragraph at lines 30--33
\T1/lmtt/m/n/12 readthedocs . io / en / latest / lifetime / instance-[]scope . 
html #
 []

[69])

Package fancyhdr Warning: \headheight is too small (12.0pt): 
(fancyhdr)                Make it at least 14.49998pt, for example:
(fancyhdr)                \setlength{\headheight}{14.49998pt}.
(fancyhdr)                You might also make \topmargin smaller to compensate:

(fancyhdr)                \addtolength{\topmargin}{-2.49998pt}.

[70] [71

] [72] [73

]

Package fancyhdr Warning: \headheight is too small (12.0pt): 
(fancyhdr)                Make it at least 14.49998pt, for example:
(fancyhdr)                \setlength{\headheight}{14.49998pt}.
(fancyhdr)                You might also make \topmargin smaller to compensate:

(fancyhdr)                \addtolength{\topmargin}{-2.49998pt}.

[74] [75

]

Package fancyhdr Warning: \headheight is too small (12.0pt): 
(fancyhdr)                Make it at least 14.49998pt, for example:
(fancyhdr)                \setlength{\headheight}{14.49998pt}.
(fancyhdr)                You might also make \topmargin smaller to compensate:

(fancyhdr)                \addtolength{\topmargin}{-2.49998pt}.

[76] [77

]

Package fancyhdr Warning: \headheight is too small (12.0pt): 
(fancyhdr)                Make it at least 14.49998pt, for example:
(fancyhdr)                \setlength{\headheight}{14.49998pt}.
(fancyhdr)                You might also make \topmargin smaller to compensate:

(fancyhdr)                \addtolength{\topmargin}{-2.49998pt}.

[78

] (praca.lof [79])
\tf@lof=\write5
\openout5 = `praca.lof'.



Package fancyhdr Warning: \headheight is too small (12.0pt): 
(fancyhdr)                Make it at least 14.49998pt, for example:
(fancyhdr)                \setlength{\headheight}{14.49998pt}.
(fancyhdr)                You might also make \topmargin smaller to compensate:

(fancyhdr)                \addtolength{\topmargin}{-2.49998pt}.

[80] (praca.lol)
\tf@lol=\write6
\openout6 = `praca.lol'.

 [81

] (praca.aux)
Package rerunfilecheck Info: File `praca.out' has not changed.
(rerunfilecheck)             Checksum: EC0B97C403D2C1689FEBFA0897DE1FC1;7274.
 ) 
Here is how much of TeX's memory you used:
 16344 strings out of 478927
 267589 string characters out of 2862391
 791763 words of memory out of 3000000
 33475 multiletter control sequences out of 15000+600000
 475529 words of font info for 70 fonts, out of 8000000 for 9000
 1141 hyphenation exceptions out of 8191
 60i,12n,66p,1151b,1899s stack positions out of 5000i,500n,10000p,200000b,80000s
{C:/Program Files/MiKTeX/fonts/enc/dvips/lm/lm-ec.enc}{C:/Program Files/MiKTe
X/fonts/enc/dvips/lm/lm-ts1.enc}{C:/Program Files/MiKTeX/fonts/enc/dvips/base/8
r.enc}<C:/Program Files/MiKTeX/fonts/type1/public/lm/lmbx12.pfb><C:/Program Fil
es/MiKTeX/fonts/type1/public/lm/lmbxi10.pfb><C:/Program Files/MiKTeX/fonts/type
1/public/lm/lmr12.pfb><C:/Program Files/MiKTeX/fonts/type1/public/lm/lmr6.pfb><
C:/Program Files/MiKTeX/fonts/type1/public/lm/lmr8.pfb><C:/Program Files/MiKTeX
/fonts/type1/public/lm/lmri12.pfb><C:/Program Files/MiKTeX/fonts/type1/public/l
m/lmss12.pfb><C:/Program Files/MiKTeX/fonts/type1/public/lm/lmssbx10.pfb><C:/Pr
ogram Files/MiKTeX/fonts/type1/public/lm/lmtt12.pfb><C:/Program Files/MiKTeX/fo
nts/type1/urw/helvetic/uhvb8a.pfb><C:/Program Files/MiKTeX/fonts/type1/urw/helv
etic/uhvr8a.pfb>
Output written on praca.pdf (85 pages, 2726289 bytes).
PDF statistics:
 1157 PDF objects out of 1200 (max. 8388607)
 379 named destinations out of 1000 (max. 500000)
 595 words of extra memory for PDF output out of 10000 (max. 10000000)

